[2018/7/20 17:25:00] GameServer Started (CHINA)
[2018/7/20 17:25:01] TMonster.Start (室7护卫武士,70,56,116) failed los_init
[2018/7/20 17:25:01] TMonster.Start (室7护卫武士,70,57,115) failed los_init
[2018/7/20 17:25:01] TMonster.Start (迷宫桂林忍者,71,63,182) failed los_init
[2018/7/20 17:25:01] TMonster.Start (九法僧3,29,47,48) failed los_init
[2018/7/20 17:25:01] TMonster.Start (九法僧3,29,38,39) failed los_init
[2018/7/20 17:25:01] TMonster.Start (九法僧3,29,55,54) failed los_init
[2018/7/20 17:25:01] TMonster.Start (迷宫扶桑忍者,74,34,43) failed los_init
[2018/7/20 17:25:01] TMonster.Start (石巨人,1,917,211) failed los_init
[2018/7/20 17:25:01] TMonster.Start (石巨人,1,917,211) failed los_init
[2018/7/20 17:25:01] TMonster.Start (石巨人,1,917,211) failed los_init
[2018/7/20 17:25:01] TMonster.Start (石巨人,1,917,211) failed los_init
[2018/7/20 17:25:01] TMonster.Start (青龙刺客,31,0,49) failed los_init
[2018/7/20 17:25:01] TMonster.Start (隐忍者,3,95,103) failed los_init
[2018/7/20 17:25:01] TMonster.Start (青龙刺客,31,0,49) failed los_init
[2018/7/20 17:25:01] TMonster.Start (青龙刺客,31,95,22) failed los_init
[2018/7/20 17:25:01] TMonster.Start (赦龙组,31,84,66) failed los_init
[2018/7/20 17:25:01] TMonster.Start (赦龙组,31,84,66) failed los_init
[2018/7/20 17:25:01] TMonster.Start (赦龙组,31,46,114) failed los_init
[2018/7/20 17:25:01] TMonster.Start (赦龙组,31,64,35) failed los_init
[2018/7/20 17:25:01] TMonster.Start (赦龙组,31,114,45) failed los_init
[2018/7/20 17:25:01] TMonster.Start (赤风,1,801,0) failed los_init
[2018/7/20 17:25:01] TMonster.Start (吸血木,1,0,140) failed los_init
[2018/7/20 17:25:01] TMonster.Start (北方魔人,1,0,140) failed los_init
[2018/7/20 17:25:01] TMonster.Start (青眼鼠,1,0,140) failed los_init
[2018/7/20 17:25:01] TMonster.Start (吸血木,1,0,148) failed los_init
[2018/7/20 17:25:01] TMonster.Start (北方魔人,1,0,148) failed los_init
[2018/7/20 17:25:01] TMonster.Start (青眼鼠,1,0,148) failed los_init
[2018/7/20 17:25:01] TMonster.Start (放火装置8,31,117,113) failed los_init
[2018/7/20 17:25:01] TMonster.Start (放火装置1,31,88,135) failed los_init
[2018/7/20 17:25:01] TMonster.Start (放火装置6,31,83,146) failed los_init
[2018/7/20 17:25:01] TMonster.Start (迷宫隐忍者,71,63,182) failed los_init
[2018/7/20 17:25:01] TMonster.Start (隐忍者,4,64,141) failed los_init
[2018/7/20 17:25:01] TMonster.Start (隐忍者,4,64,141) failed los_init
[2018/7/20 17:25:15] GameServer Exit
[2021/1/31/星期日 12:02:27] GameServer Started (CHINA)
[2021/1/31/星期日 12:02:28] TMonster.Start (室7护卫武士,70,56,116) failed los_init
[2021/1/31/星期日 12:02:28] TMonster.Start (室7护卫武士,70,57,115) failed los_init
[2021/1/31/星期日 12:02:28] TMonster.Start (迷宫桂林忍者,71,63,182) failed los_init
[2021/1/31/星期日 12:02:28] TMonster.Start (迷宫桂林忍者,71,63,182) failed los_init
[2021/1/31/星期日 12:02:28] TMonster.Start (火王变身1,93,25,18) failed los_init
[2021/1/31/星期日 12:02:28] TMonster.Start (石巨人,1,917,211) failed los_init
[2021/1/31/星期日 12:02:28] TMonster.Start (石巨人,1,917,211) failed los_init
[2021/1/31/星期日 12:02:28] TMonster.Start (石巨人,1,917,211) failed los_init
[2021/1/31/星期日 12:02:28] TMonster.Start (石巨人,1,917,211) failed los_init
[2021/1/31/星期日 12:02:28] TMonster.Start (青龙刺客,31,0,49) failed los_init
[2021/1/31/星期日 12:02:28] TMonster.Start (隐忍者,3,95,103) failed los_init
[2021/1/31/星期日 12:02:28] TMonster.Start (青龙刺客,31,0,49) failed los_init
[2021/1/31/星期日 12:02:28] TMonster.Start (青龙刺客,31,95,22) failed los_init
[2021/1/31/星期日 12:02:28] TMonster.Start (赦龙组,31,24,95) failed los_init
[2021/1/31/星期日 12:02:28] TMonster.Start (赦龙组,31,84,66) failed los_init
[2021/1/31/星期日 12:02:28] TMonster.Start (赦龙组,31,84,66) failed los_init
[2021/1/31/星期日 12:02:28] TMonster.Start (赦龙组,31,46,114) failed los_init
[2021/1/31/星期日 12:02:28] TMonster.Start (赦龙组,31,64,35) failed los_init
[2021/1/31/星期日 12:02:28] TMonster.Start (赦龙组,31,114,45) failed los_init
[2021/1/31/星期日 12:02:28] TMonster.Start (放火装置5,31,131,94) failed los_init
[2021/1/31/星期日 12:02:28] TMonster.Start (赤风,1,801,0) failed los_init
[2021/1/31/星期日 12:02:28] TMonster.Start (吸血木,1,0,140) failed los_init
[2021/1/31/星期日 12:02:28] TMonster.Start (北方魔人,1,0,140) failed los_init
[2021/1/31/星期日 12:02:28] TMonster.Start (青眼鼠,1,0,140) failed los_init
[2021/1/31/星期日 12:02:28] TMonster.Start (吸血木,1,0,148) failed los_init
[2021/1/31/星期日 12:02:28] TMonster.Start (北方魔人,1,0,148) failed los_init
[2021/1/31/星期日 12:02:28] TMonster.Start (青眼鼠,1,0,148) failed los_init
[2021/1/31/星期日 12:02:28] TMonster.Start (隐忍者,4,64,141) failed los_init
[2021/1/31/星期日 12:02:36] GameServer Exit
[2021/1/31/星期日 12:04:20] GameServer Started (CHINA)
[2021/1/31/星期日 12:04:21] TMonster.Start (室7护卫武士,70,56,116) failed los_init
[2021/1/31/星期日 12:04:21] TMonster.Start (室7护卫武士,70,57,115) failed los_init
[2021/1/31/星期日 12:04:21] TMonster.Start (迷宫影忍者,71,63,182) failed los_init
[2021/1/31/星期日 12:04:21] TMonster.Start (九法僧1,29,47,48) failed los_init
[2021/1/31/星期日 12:04:21] TMonster.Start (九法僧2,29,47,48) failed los_init
[2021/1/31/星期日 12:04:21] TMonster.Start (分身忍者,3,28,136) failed los_init
[2021/1/31/星期日 12:04:21] TMonster.Start (九法僧3,29,38,39) failed los_init
[2021/1/31/星期日 12:04:21] TMonster.Start (迷宫分身忍者,71,194,202) failed los_init
[2021/1/31/星期日 12:04:21] TMonster.Start (石巨人,1,917,211) failed los_init
[2021/1/31/星期日 12:04:21] TMonster.Start (石巨人,1,917,211) failed los_init
[2021/1/31/星期日 12:04:21] TMonster.Start (石巨人,1,917,211) failed los_init
[2021/1/31/星期日 12:04:21] TMonster.Start (石巨人,1,917,211) failed los_init
[2021/1/31/星期日 12:04:21] TMonster.Start (青龙刺客,31,0,49) failed los_init
[2021/1/31/星期日 12:04:21] TMonster.Start (隐忍者,3,95,103) failed los_init
[2021/1/31/星期日 12:04:21] TMonster.Start (青龙刺客,31,0,49) failed los_init
[2021/1/31/星期日 12:04:21] TMonster.Start (青龙刺客,31,50,17) failed los_init
[2021/1/31/星期日 12:04:21] TMonster.Start (青龙刺客,31,95,22) failed los_init
[2021/1/31/星期日 12:04:21] TMonster.Start (迷宫隐忍者,73,27,45) failed los_init
[2021/1/31/星期日 12:04:21] TMonster.Start (赦龙组,31,84,66) failed los_init
[2021/1/31/星期日 12:04:21] TMonster.Start (赦龙组,31,84,66) failed los_init
[2021/1/31/星期日 12:04:21] TMonster.Start (赦龙组,31,46,114) failed los_init
[2021/1/31/星期日 12:04:21] TMonster.Start (赦龙组,31,64,35) failed los_init
[2021/1/31/星期日 12:04:21] TMonster.Start (赦龙组,31,114,45) failed los_init
[2021/1/31/星期日 12:04:21] TMonster.Start (放火装置2,31,135,83) failed los_init
[2021/1/31/星期日 12:04:21] TMonster.Start (赤风,1,801,0) failed los_init
[2021/1/31/星期日 12:04:21] TMonster.Start (吸血木,1,0,140) failed los_init
[2021/1/31/星期日 12:04:21] TMonster.Start (北方魔人,1,0,140) failed los_init
[2021/1/31/星期日 12:04:21] TMonster.Start (青眼鼠,1,0,140) failed los_init
[2021/1/31/星期日 12:04:21] TMonster.Start (吸血木,1,0,148) failed los_init
[2021/1/31/星期日 12:04:21] TMonster.Start (北方魔人,1,0,148) failed los_init
[2021/1/31/星期日 12:04:21] TMonster.Start (青眼鼠,1,0,148) failed los_init
[2021/1/31/星期日 12:04:21] TMonster.Start (隐忍者,4,64,141) failed los_init
[2021/1/31/星期日 12:04:30] GameServer Exit
[2021/1/31/星期日 12:07:42] GameServer Started (CHINA)
[2021/1/31/星期日 12:07:42] TMonster.Start (室7护卫武士,70,56,116) failed los_init
[2021/1/31/星期日 12:07:42] TMonster.Start (室7护卫武士,70,57,115) failed los_init
[2021/1/31/星期日 12:07:42] TMonster.Start (迷宫隐忍者,71,63,182) failed los_init
[2021/1/31/星期日 12:07:42] TMonster.Start (火王变身1,93,25,18) failed los_init
[2021/1/31/星期日 12:07:42] TMonster.Start (九法僧3,29,38,39) failed los_init
[2021/1/31/星期日 12:07:42] TMonster.Start (石巨人,1,917,211) failed los_init
[2021/1/31/星期日 12:07:42] TMonster.Start (石巨人,1,917,211) failed los_init
[2021/1/31/星期日 12:07:42] TMonster.Start (石巨人,1,917,211) failed los_init
[2021/1/31/星期日 12:07:42] TMonster.Start (石巨人,1,917,211) failed los_init
[2021/1/31/星期日 12:07:42] TMonster.Start (青龙刺客,31,0,49) failed los_init
[2021/1/31/星期日 12:07:42] TMonster.Start (青龙刺客,31,0,49) failed los_init
[2021/1/31/星期日 12:07:42] TMonster.Start (青龙刺客,31,95,22) failed los_init
[2021/1/31/星期日 12:07:42] TMonster.Start (青龙刺客,31,24,95) failed los_init
[2021/1/31/星期日 12:07:42] TMonster.Start (赦龙组,31,19,49) failed los_init
[2021/1/31/星期日 12:07:42] TMonster.Start (赦龙组,31,95,22) failed los_init
[2021/1/31/星期日 12:07:43] TMonster.Start (赦龙组,31,84,66) failed los_init
[2021/1/31/星期日 12:07:43] TMonster.Start (赦龙组,31,84,66) failed los_init
[2021/1/31/星期日 12:07:43] TMonster.Start (赦龙组,31,46,114) failed los_init
[2021/1/31/星期日 12:07:43] TMonster.Start (赦龙组,31,64,35) failed los_init
[2021/1/31/星期日 12:07:43] TMonster.Start (赦龙组,31,114,45) failed los_init
[2021/1/31/星期日 12:07:43] TMonster.Start (赤风,1,801,0) failed los_init
[2021/1/31/星期日 12:07:43] TMonster.Start (吸血木,1,0,140) failed los_init
[2021/1/31/星期日 12:07:43] TMonster.Start (北方魔人,1,0,140) failed los_init
[2021/1/31/星期日 12:07:43] TMonster.Start (青眼鼠,1,0,140) failed los_init
[2021/1/31/星期日 12:07:43] TMonster.Start (吸血木,1,0,148) failed los_init
[2021/1/31/星期日 12:07:43] TMonster.Start (北方魔人,1,0,148) failed los_init
[2021/1/31/星期日 12:07:43] TMonster.Start (青眼鼠,1,0,148) failed los_init
[2021/1/31/星期日 12:07:43] TMonster.Start (放火装置8,31,142,90) failed los_init
[2021/1/31/星期日 12:07:43] TMonster.Start (放火装置6,31,110,119) failed los_init
[2021/1/31/星期日 12:07:43] TMonster.Start (放火装置2,31,83,133) failed los_init
[2021/1/31/星期日 12:07:43] TMonster.Start (隐忍者,4,64,141) failed los_init
[2021/1/31/星期日 12:07:43] TMonster.Start (隐忍者,4,64,141) failed los_init
[2021/1/31/星期日 12:37:42] TMonster.Start (火狐狸3,19,52,72) failed los_init
[2021/1/31/星期日 13:07:42] TMonster.Start (迷宫隐忍者,71,63,182) failed los_init
[2021/1/31/星期日 13:07:42] TMonster.Start (迷宫隐忍者,71,63,182) failed los_init
[2021/1/31/星期日 13:07:42] TMonster.Start (影武者,3,147,81) failed los_init
[2021/1/31/星期日 13:07:42] TMonster.Start (桂林忍者,3,147,81) failed los_init
[2021/1/31/星期日 13:07:42] TMonster.Start (隐忍者,4,64,141) failed los_init
[2021/1/31/星期日 13:07:42] TMonster.Start (隐忍者,4,64,141) failed los_init
[2021/1/31/星期日 13:07:42] TMonster.Start (室7护卫武士,70,56,116) failed los_init
[2021/1/31/星期日 13:07:42] TMonster.Start (室7护卫武士,70,57,115) failed los_init
[2021/1/31/星期日 13:07:42] TMonster.Start (四臂金刚,70,83,202) failed los_init
[2021/1/31/星期日 13:07:42] TMonster.Start (四臂金刚,70,68,157) failed los_init
[2021/1/31/星期日 13:07:42] TMonster.Start (四臂金刚,70,214,232) failed los_init
[2021/1/31/星期日 14:07:42] TMonster.Start (分身忍者,3,28,136) failed los_init
[2021/1/31/星期日 14:07:42] TMonster.Start (室7护卫武士,70,56,116) failed los_init
[2021/1/31/星期日 14:07:42] TMonster.Start (隐忍者,4,64,141) failed los_init
[2021/1/31/星期日 14:07:42] TMonster.Start (隐忍者,4,64,141) failed los_init
[2021/1/31/星期日 14:07:42] TMonster.Start (室7护卫武士,70,57,115) failed los_init
[2021/1/31/星期日 14:07:42] TMonster.Start (火狐狸3,19,114,27) failed los_init
[2021/1/31/星期日 15:07:42] TMonster.Start (隐忍者,4,64,141) failed los_init
[2021/1/31/星期日 15:07:42] TMonster.Start (室7护卫武士,70,56,116) failed los_init
[2021/1/31/星期日 15:07:42] TMonster.Start (室7护卫武士,70,57,115) failed los_init
[2021/1/31/星期日 15:07:42] TMonster.Start (四臂金刚,70,64,161) failed los_init
[2021/1/31/星期日 15:07:42] TMonster.Start (影武者,3,147,81) failed los_init
[2021/1/31/星期日 15:07:42] TMonster.Start (桂林忍者,3,147,81) failed los_init
[2021/1/31/星期日 15:07:42] TMonster.Start (迷宫隐忍者,71,194,202) failed los_init
[2021/1/31/星期日 15:28:31] GameServer Exit
[2021/1/31/星期日 15:30:11] GameServer Started (CHINA)
[2021/1/31/星期日 15:30:12] TMonster.Start (室7护卫武士,70,56,116) failed los_init
[2021/1/31/星期日 15:30:12] TMonster.Start (室7护卫武士,70,57,115) failed los_init
[2021/1/31/星期日 15:30:12] TMonster.Start (迷宫隐忍者,71,194,202) failed los_init
[2021/1/31/星期日 15:30:12] TMonster.Start (火王变身1,93,25,18) failed los_init
[2021/1/31/星期日 15:30:12] TMonster.Start (火王变身2,94,25,18) failed los_init
[2021/1/31/星期日 15:30:12] TMonster.Start (火王变身2,94,25,18) failed los_init
[2021/1/31/星期日 15:30:13] TMonster.Start (火王变身1,93,25,18) failed los_init
[2021/1/31/星期日 15:30:13] TMonster.Start (石巨人,1,917,211) failed los_init
[2021/1/31/星期日 15:30:13] TMonster.Start (石巨人,1,917,211) failed los_init
[2021/1/31/星期日 15:30:13] TMonster.Start (石巨人,1,917,211) failed los_init
[2021/1/31/星期日 15:30:13] TMonster.Start (石巨人,1,917,211) failed los_init
[2021/1/31/星期日 15:30:13] TMonster.Start (青龙刺客,31,0,49) failed los_init
[2021/1/31/星期日 15:30:13] TMonster.Start (青龙刺客,31,0,49) failed los_init
[2021/1/31/星期日 15:30:13] TMonster.Start (青龙刺客,31,50,17) failed los_init
[2021/1/31/星期日 15:30:13] TMonster.Start (青龙刺客,31,24,95) failed los_init
[2021/1/31/星期日 15:30:13] TMonster.Start (赦龙组,31,19,49) failed los_init
[2021/1/31/星期日 15:30:13] TMonster.Start (赦龙组,31,84,66) failed los_init
[2021/1/31/星期日 15:30:13] TMonster.Start (赦龙组,31,84,66) failed los_init
[2021/1/31/星期日 15:30:13] TMonster.Start (赦龙组,31,46,114) failed los_init
[2021/1/31/星期日 15:30:13] TMonster.Start (赦龙组,31,64,35) failed los_init
[2021/1/31/星期日 15:30:13] TMonster.Start (赦龙组,31,114,45) failed los_init
[2021/1/31/星期日 15:30:13] TMonster.Start (赤风,1,801,0) failed los_init
[2021/1/31/星期日 15:30:13] TMonster.Start (吸血木,1,0,140) failed los_init
[2021/1/31/星期日 15:30:13] TMonster.Start (北方魔人,1,0,140) failed los_init
[2021/1/31/星期日 15:30:13] TMonster.Start (青眼鼠,1,0,140) failed los_init
[2021/1/31/星期日 15:30:13] TMonster.Start (吸血木,1,0,148) failed los_init
[2021/1/31/星期日 15:30:13] TMonster.Start (北方魔人,1,0,148) failed los_init
[2021/1/31/星期日 15:30:13] TMonster.Start (青眼鼠,1,0,148) failed los_init
[2021/1/31/星期日 15:30:13] TMonster.Start (隐忍者,4,64,141) failed los_init
[2021/1/31/星期日 15:30:56] GameServer Started (CHINA)
[2021/1/31/星期日 15:30:57] TMonster.Start (影武者,3,147,81) failed los_init
[2021/1/31/星期日 15:30:57] TMonster.Start (室7护卫武士,70,56,116) failed los_init
[2021/1/31/星期日 15:30:57] TMonster.Start (室7护卫武士,70,57,115) failed los_init
[2021/1/31/星期日 15:30:58] TMonster.Start (火王变身2,94,25,18) failed los_init
[2021/1/31/星期日 15:30:58] TMonster.Start (火王变身2,94,25,18) failed los_init
[2021/1/31/星期日 15:30:58] TMonster.Start (分身忍者,3,28,136) failed los_init
[2021/1/31/星期日 15:30:58] TMonster.Start (石巨人,1,917,211) failed los_init
[2021/1/31/星期日 15:30:58] TMonster.Start (石巨人,1,917,211) failed los_init
[2021/1/31/星期日 15:30:58] TMonster.Start (石巨人,1,917,211) failed los_init
[2021/1/31/星期日 15:30:58] TMonster.Start (石巨人,1,917,211) failed los_init
[2021/1/31/星期日 15:30:58] TMonster.Start (青龙刺客,31,0,49) failed los_init
[2021/1/31/星期日 15:30:58] TMonster.Start (青龙刺客,31,0,49) failed los_init
[2021/1/31/星期日 15:30:58] TMonster.Start (迷宫隐忍者,73,27,45) failed los_init
[2021/1/31/星期日 15:30:58] TMonster.Start (赦龙组,31,84,66) failed los_init
[2021/1/31/星期日 15:30:58] TMonster.Start (赦龙组,31,84,66) failed los_init
[2021/1/31/星期日 15:30:58] TMonster.Start (赦龙组,31,46,114) failed los_init
[2021/1/31/星期日 15:30:58] TMonster.Start (赦龙组,31,64,35) failed los_init
[2021/1/31/星期日 15:30:58] TMonster.Start (赦龙组,31,114,45) failed los_init
[2021/1/31/星期日 15:30:58] TMonster.Start (赤风,1,801,0) failed los_init
[2021/1/31/星期日 15:30:58] TMonster.Start (吸血木,1,0,140) failed los_init
[2021/1/31/星期日 15:30:58] TMonster.Start (北方魔人,1,0,140) failed los_init
[2021/1/31/星期日 15:30:58] TMonster.Start (青眼鼠,1,0,140) failed los_init
[2021/1/31/星期日 15:30:58] TMonster.Start (吸血木,1,0,148) failed los_init
[2021/1/31/星期日 15:30:58] TMonster.Start (北方魔人,1,0,148) failed los_init
[2021/1/31/星期日 15:30:58] TMonster.Start (青眼鼠,1,0,148) failed los_init
[2021/1/31/星期日 15:30:58] TMonster.Start (隐忍者,4,64,141) failed los_init
[2021/1/31/星期日 15:32:23] GameServer Started (CHINA)
[2021/1/31/星期日 15:32:24] TMonster.Start (室7护卫武士,70,56,116) failed los_init
[2021/1/31/星期日 15:32:24] TMonster.Start (室7护卫武士,70,57,115) failed los_init
[2021/1/31/星期日 15:32:24] TMonster.Start (九法僧1,29,47,48) failed los_init
[2021/1/31/星期日 15:32:24] TMonster.Start (九法僧3,29,38,39) failed los_init
[2021/1/31/星期日 15:32:24] TMonster.Start (石巨人,1,917,211) failed los_init
[2021/1/31/星期日 15:32:24] TMonster.Start (石巨人,1,917,211) failed los_init
[2021/1/31/星期日 15:32:24] TMonster.Start (石巨人,1,917,211) failed los_init
[2021/1/31/星期日 15:32:24] TMonster.Start (石巨人,1,917,211) failed los_init
[2021/1/31/星期日 15:32:24] TMonster.Start (青龙刺客,31,0,49) failed los_init
[2021/1/31/星期日 15:32:24] TMonster.Start (青龙刺客,31,0,49) failed los_init
[2021/1/31/星期日 15:32:24] TMonster.Start (赦龙组,31,50,17) failed los_init
[2021/1/31/星期日 15:32:24] TMonster.Start (赦龙组,31,95,22) failed los_init
[2021/1/31/星期日 15:32:24] TMonster.Start (分身忍者,4,40,169) failed los_init
[2021/1/31/星期日 15:32:24] TMonster.Start (赦龙组,31,24,95) failed los_init
[2021/1/31/星期日 15:32:24] TMonster.Start (赦龙组,31,84,66) failed los_init
[2021/1/31/星期日 15:32:24] TMonster.Start (赦龙组,31,84,66) failed los_init
[2021/1/31/星期日 15:32:24] TMonster.Start (赦龙组,31,46,114) failed los_init
[2021/1/31/星期日 15:32:24] TMonster.Start (赦龙组,31,64,35) failed los_init
[2021/1/31/星期日 15:32:24] TMonster.Start (赦龙组,31,114,45) failed los_init
[2021/1/31/星期日 15:32:24] TMonster.Start (放火装置5,31,131,94) failed los_init
[2021/1/31/星期日 15:32:24] TMonster.Start (赤风,1,801,0) failed los_init
[2021/1/31/星期日 15:32:24] TMonster.Start (吸血木,1,0,140) failed los_init
[2021/1/31/星期日 15:32:24] TMonster.Start (北方魔人,1,0,140) failed los_init
[2021/1/31/星期日 15:32:24] TMonster.Start (青眼鼠,1,0,140) failed los_init
[2021/1/31/星期日 15:32:24] TMonster.Start (吸血木,1,0,148) failed los_init
[2021/1/31/星期日 15:32:24] TMonster.Start (北方魔人,1,0,148) failed los_init
[2021/1/31/星期日 15:32:24] TMonster.Start (青眼鼠,1,0,148) failed los_init
[2021/1/31/星期日 15:32:24] TMonster.Start (放火装置5,31,106,117) failed los_init
[2021/1/31/星期日 15:32:24] TMonster.Start (放火装置3,31,79,135) failed los_init
[2021/1/31/星期日 15:32:24] TMonster.Start (放火装置7,31,88,144) failed los_init
[2021/1/31/星期日 15:32:24] TMonster.Start (迷宫隐忍者,71,194,202) failed los_init
[2021/1/31/星期日 15:32:29] TMonster.Start (隐忍者,4,64,141) failed los_init
[2021/1/31/星期日 15:37:02] GameServer Exit
[2021/2/3/星期三 21:02:17] GameServer Started (CHINA)
[2021/2/3/星期三 21:02:18] TMonster.Start (室7护卫武士,70,56,116) failed los_init
[2021/2/3/星期三 21:02:18] TMonster.Start (室7护卫武士,70,57,115) failed los_init
[2021/2/3/星期三 21:02:18] TMonster.Start (九法僧1,29,47,48) failed los_init
[2021/2/3/星期三 21:02:18] TMonster.Start (分身忍者,3,35,129) failed los_init
[2021/2/3/星期三 21:02:18] TMonster.Start (石巨人,1,917,211) failed los_init
[2021/2/3/星期三 21:02:18] TMonster.Start (石巨人,1,917,211) failed los_init
[2021/2/3/星期三 21:02:18] TMonster.Start (石巨人,1,917,211) failed los_init
[2021/2/3/星期三 21:02:18] TMonster.Start (石巨人,1,917,211) failed los_init
[2021/2/3/星期三 21:02:18] TMonster.Start (青龙刺客,31,0,49) failed los_init
[2021/2/3/星期三 21:02:18] TMonster.Start (隐忍者,3,95,103) failed los_init
[2021/2/3/星期三 21:02:18] TMonster.Start (青龙刺客,31,0,49) failed los_init
[2021/2/3/星期三 21:02:18] TMonster.Start (赦龙组,31,84,66) failed los_init
[2021/2/3/星期三 21:02:18] TMonster.Start (赦龙组,31,84,66) failed los_init
[2021/2/3/星期三 21:02:18] TMonster.Start (赦龙组,31,46,114) failed los_init
[2021/2/3/星期三 21:02:18] TMonster.Start (赦龙组,31,64,35) failed los_init
[2021/2/3/星期三 21:02:18] TMonster.Start (赦龙组,31,114,45) failed los_init
[2021/2/3/星期三 21:02:18] TMonster.Start (放火装置1,31,140,85) failed los_init
[2021/2/3/星期三 21:02:18] TMonster.Start (赤风,1,801,0) failed los_init
[2021/2/3/星期三 21:02:18] TMonster.Start (吸血木,1,0,140) failed los_init
[2021/2/3/星期三 21:02:18] TMonster.Start (北方魔人,1,0,140) failed los_init
[2021/2/3/星期三 21:02:18] TMonster.Start (青眼鼠,1,0,140) failed los_init
[2021/2/3/星期三 21:02:18] TMonster.Start (吸血木,1,0,148) failed los_init
[2021/2/3/星期三 21:02:18] TMonster.Start (北方魔人,1,0,148) failed los_init
[2021/2/3/星期三 21:02:18] TMonster.Start (青眼鼠,1,0,148) failed los_init
[2021/2/3/星期三 21:02:18] TMonster.Start (放火装置6,31,135,96) failed los_init
[2021/2/3/星期三 21:02:18] TMonster.Start (放火装置2,31,110,106) failed los_init
[2021/2/3/星期三 21:02:18] TMonster.Start (放火装置3,31,106,108) failed los_init
[2021/2/3/星期三 21:02:18] TMonster.Start (放火装置8,31,90,140) failed los_init
[2021/2/3/星期三 21:02:18] TMonster.Start (隐忍者,4,64,141) failed los_init
[2021/2/3/星期三 21:04:57] GameServer Started (CHINA)
[2021/2/3/星期三 21:04:58] TMonster.Start (桂林忍者,3,147,81) failed los_init
[2021/2/3/星期三 21:04:58] TMonster.Start (室7护卫武士,70,56,116) failed los_init
[2021/2/3/星期三 21:04:58] TMonster.Start (室7护卫武士,70,57,115) failed los_init
[2021/2/3/星期三 21:04:58] TMonster.Start (火王变身2,94,25,18) failed los_init
[2021/2/3/星期三 21:04:58] TMonster.Start (火王变身1,93,25,18) failed los_init
[2021/2/3/星期三 21:04:58] TMonster.Start (石巨人,1,917,211) failed los_init
[2021/2/3/星期三 21:04:58] TMonster.Start (石巨人,1,917,211) failed los_init
[2021/2/3/星期三 21:04:58] TMonster.Start (石巨人,1,917,211) failed los_init
[2021/2/3/星期三 21:04:58] TMonster.Start (石巨人,1,917,211) failed los_init
[2021/2/3/星期三 21:04:58] TMonster.Start (青龙刺客,31,0,49) failed los_init
[2021/2/3/星期三 21:04:58] TMonster.Start (青龙刺客,31,0,49) failed los_init
[2021/2/3/星期三 21:04:58] TMonster.Start (青龙刺客,31,50,17) failed los_init
[2021/2/3/星期三 21:04:58] TMonster.Start (青龙刺客,31,50,17) failed los_init
[2021/2/3/星期三 21:04:58] TMonster.Start (花郎,70,128,288) failed los_init
[2021/2/3/星期三 21:04:58] TMonster.Start (赦龙组,31,19,49) failed los_init
[2021/2/3/星期三 21:04:58] TMonster.Start (赦龙组,31,95,22) failed los_init
[2021/2/3/星期三 21:04:58] TMonster.Start (赦龙组,31,84,66) failed los_init
[2021/2/3/星期三 21:04:58] TMonster.Start (赦龙组,31,84,66) failed los_init
[2021/2/3/星期三 21:04:58] TMonster.Start (赦龙组,31,46,114) failed los_init
[2021/2/3/星期三 21:04:58] TMonster.Start (赦龙组,31,64,35) failed los_init
[2021/2/3/星期三 21:04:58] TMonster.Start (赦龙组,31,114,45) failed los_init
[2021/2/3/星期三 21:04:58] TMonster.Start (赤风,1,801,0) failed los_init
[2021/2/3/星期三 21:04:58] TMonster.Start (吸血木,1,0,140) failed los_init
[2021/2/3/星期三 21:04:58] TMonster.Start (北方魔人,1,0,140) failed los_init
[2021/2/3/星期三 21:04:58] TMonster.Start (青眼鼠,1,0,140) failed los_init
[2021/2/3/星期三 21:04:58] TMonster.Start (吸血木,1,0,148) failed los_init
[2021/2/3/星期三 21:04:58] TMonster.Start (北方魔人,1,0,148) failed los_init
[2021/2/3/星期三 21:04:58] TMonster.Start (青眼鼠,1,0,148) failed los_init
[2021/2/3/星期三 21:04:58] TMonster.Start (放火装置6,31,135,96) failed los_init
[2021/2/3/星期三 21:04:58] TMonster.Start (放火装置3,31,106,108) failed los_init
[2021/2/3/星期三 21:04:58] TMonster.Start (迷宫隐忍者,72,15,26) failed los_init
[2021/2/3/星期三 21:04:58] TMonster.Start (放火装置2,31,83,133) failed los_init
[2021/2/3/星期三 21:04:58] TMonster.Start (花郎,70,66,160) failed los_init
[2021/2/3/星期三 21:04:58] TMonster.Start (隐忍者,4,64,141) failed los_init
[2021/2/3/星期三 21:06:59] GameServer Exit
[2022/7/14 17:43:06] GameServer Started (CHINA)
[2022/7/14 17:43:07] TMonster.Start (室7护卫武士,70,56,116) failed los_init
[2022/7/14 17:43:07] TMonster.Start (室7护卫武士,70,57,115) failed los_init
[2022/7/14 17:43:07] TMonster.Start (九法僧3,29,47,48) failed los_init
[2022/7/14 17:43:07] TMonster.Start (九法僧3,29,55,54) failed los_init
[2022/7/14 17:43:07] TMonster.Start (迷宫扶桑忍者,72,34,44) failed los_init
[2022/7/14 17:43:07] TMonster.Start (石巨人,1,917,211) failed los_init
[2022/7/14 17:43:07] TMonster.Start (石巨人,1,917,211) failed los_init
[2022/7/14 17:43:07] TMonster.Start (石巨人,1,917,211) failed los_init
[2022/7/14 17:43:07] TMonster.Start (石巨人,1,917,211) failed los_init
[2022/7/14 17:43:07] TMonster.Start (青龙刺客,31,0,49) failed los_init
[2022/7/14 17:43:07] TMonster.Start (青龙刺客,31,0,49) failed los_init
[2022/7/14 17:43:07] TMonster.Start (赦龙组,31,24,95) failed los_init
[2022/7/14 17:43:07] TMonster.Start (赦龙组,31,84,66) failed los_init
[2022/7/14 17:43:07] TMonster.Start (赦龙组,31,84,66) failed los_init
[2022/7/14 17:43:07] TMonster.Start (赦龙组,31,46,114) failed los_init
[2022/7/14 17:43:07] TMonster.Start (赦龙组,31,64,35) failed los_init
[2022/7/14 17:43:07] TMonster.Start (赦龙组,31,114,45) failed los_init
[2022/7/14 17:43:07] TMonster.Start (赤风,1,801,0) failed los_init
[2022/7/14 17:43:07] TMonster.Start (吸血木,1,0,140) failed los_init
[2022/7/14 17:43:07] TMonster.Start (北方魔人,1,0,140) failed los_init
[2022/7/14 17:43:07] TMonster.Start (青眼鼠,1,0,140) failed los_init
[2022/7/14 17:43:07] TMonster.Start (吸血木,1,0,148) failed los_init
[2022/7/14 17:43:07] TMonster.Start (北方魔人,1,0,148) failed los_init
[2022/7/14 17:43:07] TMonster.Start (青眼鼠,1,0,148) failed los_init
[2022/7/14 17:43:07] TMonster.Start (放火装置3,31,106,108) failed los_init
[2022/7/14 17:43:07] TMonster.Start (隐忍者,4,64,141) failed los_init
[2022/7/14 17:43:15] GameServer Exit
[2022/8/1 21:59:57] GameServer Started (CHINA)
[2022/8/1 22:00:01] TMonster.Start (桂林忍者,3,147,81) failed los_init
[2022/8/1 22:00:01] TMonster.Start (室7护卫武士,70,56,116) failed los_init
[2022/8/1 22:00:01] TMonster.Start (室7护卫武士,70,57,115) failed los_init
[2022/8/1 22:00:01] TMonster.Start (火王变身1,93,25,18) failed los_init
[2022/8/1 22:00:01] TMonster.Start (火王变身2,94,25,18) failed los_init
[2022/8/1 22:00:01] TMonster.Start (分身忍者,3,28,136) failed los_init
[2022/8/1 22:00:01] TMonster.Start (九法僧2,29,38,39) failed los_init
[2022/8/1 22:00:01] TMonster.Start (石巨人,1,917,211) failed los_init
[2022/8/1 22:00:01] TMonster.Start (石巨人,1,917,211) failed los_init
[2022/8/1 22:00:01] TMonster.Start (石巨人,1,917,211) failed los_init
[2022/8/1 22:00:01] TMonster.Start (石巨人,1,917,211) failed los_init
[2022/8/1 22:00:01] TMonster.Start (青龙刺客,31,0,49) failed los_init
[2022/8/1 22:00:01] TMonster.Start (青龙刺客,31,0,49) failed los_init
[2022/8/1 22:00:01] TMonster.Start (青龙刺客,31,24,95) failed los_init
[2022/8/1 22:00:01] TMonster.Start (隐忍者,3,99,26) failed los_init
[2022/8/1 22:00:01] TMonster.Start (赦龙组,31,84,66) failed los_init
[2022/8/1 22:00:01] TMonster.Start (赦龙组,31,84,66) failed los_init
[2022/8/1 22:00:01] TMonster.Start (赦龙组,31,46,114) failed los_init
[2022/8/1 22:00:01] TMonster.Start (赦龙组,31,64,35) failed los_init
[2022/8/1 22:00:01] TMonster.Start (赦龙组,31,114,45) failed los_init
[2022/8/1 22:00:01] TMonster.Start (放火装置3,31,131,85) failed los_init
[2022/8/1 22:00:01] TMonster.Start (赤风,1,801,0) failed los_init
[2022/8/1 22:00:01] TMonster.Start (吸血木,1,0,140) failed los_init
[2022/8/1 22:00:01] TMonster.Start (北方魔人,1,0,140) failed los_init
[2022/8/1 22:00:01] TMonster.Start (青眼鼠,1,0,140) failed los_init
[2022/8/1 22:00:01] TMonster.Start (吸血木,1,0,148) failed los_init
[2022/8/1 22:00:01] TMonster.Start (北方魔人,1,0,148) failed los_init
[2022/8/1 22:00:01] TMonster.Start (青眼鼠,1,0,148) failed los_init
[2022/8/1 22:00:01] TMonster.Start (放火装置7,31,140,94) failed los_init
[2022/8/1 22:00:01] TMonster.Start (放火装置1,31,115,108) failed los_init
[2022/8/1 22:00:01] TMonster.Start (放火装置2,31,110,106) failed los_init
[2022/8/1 22:00:02] TMonster.Start (隐忍者,4,64,141) failed los_init
[2022/8/1 22:00:11] GameServer Exit
[2022/8/1 22:01:17] GameServer Started (CHINA)
[2022/8/1 22:01:19] TMonster.Start (室7护卫武士,70,56,116) failed los_init
[2022/8/1 22:01:19] TMonster.Start (室7护卫武士,70,57,115) failed los_init
[2022/8/1 22:01:19] TMonster.Start (火王变身2,94,25,18) failed los_init
[2022/8/1 22:01:19] TMonster.Start (九法僧1,29,47,48) failed los_init
[2022/8/1 22:01:19] TMonster.Start (火王变身1,93,25,18) failed los_init
[2022/8/1 22:01:19] TMonster.Start (九法僧3,29,38,39) failed los_init
[2022/8/1 22:01:19] TMonster.Start (九法僧3,29,55,54) failed los_init
[2022/8/1 22:01:20] TMonster.Start (石巨人,1,917,211) failed los_init
[2022/8/1 22:01:20] TMonster.Start (石巨人,1,917,211) failed los_init
[2022/8/1 22:01:20] TMonster.Start (石巨人,1,917,211) failed los_init
[2022/8/1 22:01:20] TMonster.Start (石巨人,1,917,211) failed los_init
[2022/8/1 22:01:20] TMonster.Start (青龙刺客,31,0,49) failed los_init
[2022/8/1 22:01:20] TMonster.Start (隐忍者,3,95,103) failed los_init
[2022/8/1 22:01:20] TMonster.Start (青龙刺客,31,0,49) failed los_init
[2022/8/1 22:01:20] TMonster.Start (青龙刺客,31,95,22) failed los_init
[2022/8/1 22:01:20] TMonster.Start (赦龙组,31,95,22) failed los_init
[2022/8/1 22:01:20] TMonster.Start (赦龙组,31,84,66) failed los_init
[2022/8/1 22:01:20] TMonster.Start (赦龙组,31,84,66) failed los_init
[2022/8/1 22:01:20] TMonster.Start (赦龙组,31,46,114) failed los_init
[2022/8/1 22:01:20] TMonster.Start (赦龙组,31,64,35) failed los_init
[2022/8/1 22:01:20] TMonster.Start (赦龙组,31,114,45) failed los_init
[2022/8/1 22:01:20] TMonster.Start (赤风,1,801,0) failed los_init
[2022/8/1 22:01:20] TMonster.Start (吸血木,1,0,140) failed los_init
[2022/8/1 22:01:20] TMonster.Start (北方魔人,1,0,140) failed los_init
[2022/8/1 22:01:20] TMonster.Start (青眼鼠,1,0,140) failed los_init
[2022/8/1 22:01:20] TMonster.Start (吸血木,1,0,148) failed los_init
[2022/8/1 22:01:20] TMonster.Start (北方魔人,1,0,148) failed los_init
[2022/8/1 22:01:20] TMonster.Start (青眼鼠,1,0,148) failed los_init
[2022/8/1 22:01:20] TMonster.Start (放火装置6,31,135,96) failed los_init
[2022/8/1 22:01:20] TMonster.Start (放火装置5,31,106,117) failed los_init
[2022/8/1 22:01:20] TMonster.Start (迷宫隐忍者,71,63,182) failed los_init
[2022/8/1 22:01:20] TMonster.Start (隐忍者,4,64,141) failed los_init
[2022/8/1 22:01:51] GameServer Exit
[2022/8/2 10:06:35] GameServer Started (CHINA)
[2022/8/2 10:06:36] TMonster.Start (室7护卫武士,70,56,116) failed los_init
[2022/8/2 10:06:36] TMonster.Start (室7护卫武士,70,57,115) failed los_init
[2022/8/2 10:06:36] TMonster.Start (火王变身1,93,25,18) failed los_init
[2022/8/2 10:06:36] TMonster.Start (火王变身2,94,25,18) failed los_init
[2022/8/2 10:06:36] TMonster.Start (九法僧3,29,47,48) failed los_init
[2022/8/2 10:06:36] TMonster.Start (九法僧2,29,55,54) failed los_init
[2022/8/2 10:06:36] TMonster.Start (隐忍者,3,164,162) failed los_init
[2022/8/2 10:06:36] TMonster.Start (石巨人,1,917,211) failed los_init
[2022/8/2 10:06:36] TMonster.Start (石巨人,1,917,211) failed los_init
[2022/8/2 10:06:36] TMonster.Start (石巨人,1,917,211) failed los_init
[2022/8/2 10:06:36] TMonster.Start (石巨人,1,917,211) failed los_init
[2022/8/2 10:06:36] TMonster.Start (青龙刺客,31,0,49) failed los_init
[2022/8/2 10:06:37] TMonster.Start (青龙刺客,31,0,49) failed los_init
[2022/8/2 10:06:37] TMonster.Start (青龙刺客,31,50,17) failed los_init
[2022/8/2 10:06:37] TMonster.Start (青龙刺客,31,95,22) failed los_init
[2022/8/2 10:06:37] TMonster.Start (赦龙组,31,24,95) failed los_init
[2022/8/2 10:06:37] TMonster.Start (赦龙组,31,84,66) failed los_init
[2022/8/2 10:06:37] TMonster.Start (赦龙组,31,84,66) failed los_init
[2022/8/2 10:06:37] TMonster.Start (赦龙组,31,46,114) failed los_init
[2022/8/2 10:06:37] TMonster.Start (赦龙组,31,64,35) failed los_init
[2022/8/2 10:06:37] TMonster.Start (赦龙组,31,114,45) failed los_init
[2022/8/2 10:06:37] TMonster.Start (赤风,1,801,0) failed los_init
[2022/8/2 10:06:37] TMonster.Start (吸血木,1,0,140) failed los_init
[2022/8/2 10:06:37] TMonster.Start (北方魔人,1,0,140) failed los_init
[2022/8/2 10:06:37] TMonster.Start (青眼鼠,1,0,140) failed los_init
[2022/8/2 10:06:37] TMonster.Start (吸血木,1,0,148) failed los_init
[2022/8/2 10:06:37] TMonster.Start (北方魔人,1,0,148) failed los_init
[2022/8/2 10:06:37] TMonster.Start (青眼鼠,1,0,148) failed los_init
[2022/8/2 10:06:37] TMonster.Start (放火装置7,31,140,94) failed los_init
[2022/8/2 10:06:37] TMonster.Start (隐忍者,4,64,141) failed los_init
[2022/8/2 10:06:53] GameServer Exit
[2022/8/24 21:03:46] GameServer Started (CHINA)
[2022/8/24 21:03:46] TMonster.Start (影武者,3,147,81) failed los_init
[2022/8/24 21:03:46] TMonster.Start (室7护卫武士,70,56,116) failed los_init
[2022/8/24 21:03:46] TMonster.Start (室7护卫武士,70,57,115) failed los_init
[2022/8/24 21:03:46] TMonster.Start (迷宫影忍者,71,63,182) failed los_init
[2022/8/24 21:03:46] TMonster.Start (火狐狸3,19,52,72) failed los_init
[2022/8/24 21:03:46] TMonster.Start (火王变身2,94,25,18) failed los_init
[2022/8/24 21:03:46] TMonster.Start (火王变身2,94,25,18) failed los_init
[2022/8/24 21:03:46] TMonster.Start (九法僧3,29,38,39) failed los_init
[2022/8/24 21:03:47] TMonster.Start (石巨人,1,917,211) failed los_init
[2022/8/24 21:03:47] TMonster.Start (石巨人,1,917,211) failed los_init
[2022/8/24 21:03:47] TMonster.Start (石巨人,1,917,211) failed los_init
[2022/8/24 21:03:47] TMonster.Start (石巨人,1,917,211) failed los_init
[2022/8/24 21:03:47] TMonster.Start (青龙刺客,31,0,49) failed los_init
[2022/8/24 21:03:47] TMonster.Start (青龙刺客,31,0,49) failed los_init
[2022/8/24 21:03:47] TMonster.Start (青龙刺客,31,50,17) failed los_init
[2022/8/24 21:03:47] TMonster.Start (赦龙组,31,84,66) failed los_init
[2022/8/24 21:03:47] TMonster.Start (赦龙组,31,84,66) failed los_init
[2022/8/24 21:03:47] TMonster.Start (赦龙组,31,46,114) failed los_init
[2022/8/24 21:03:47] TMonster.Start (赦龙组,31,64,35) failed los_init
[2022/8/24 21:03:47] TMonster.Start (赦龙组,31,114,45) failed los_init
[2022/8/24 21:03:47] TMonster.Start (赤风,1,801,0) failed los_init
[2022/8/24 21:03:47] TMonster.Start (吸血木,1,0,140) failed los_init
[2022/8/24 21:03:47] TMonster.Start (北方魔人,1,0,140) failed los_init
[2022/8/24 21:03:47] TMonster.Start (青眼鼠,1,0,140) failed los_init
[2022/8/24 21:03:47] TMonster.Start (吸血木,1,0,148) failed los_init
[2022/8/24 21:03:47] TMonster.Start (北方魔人,1,0,148) failed los_init
[2022/8/24 21:03:47] TMonster.Start (青眼鼠,1,0,148) failed los_init
[2022/8/24 21:03:47] TMonster.Start (放火装置6,31,110,119) failed los_init
[2022/8/24 21:03:47] TMonster.Start (放火装置2,31,83,133) failed los_init
[2022/8/24 21:03:47] TMonster.Start (隐忍者,4,64,141) failed los_init
[2022/8/24 21:03:47] TMonster.Start (隐忍者,4,64,141) failed los_init
[2022/8/24 21:03:57] GameServer Started (CHINA)
[2022/8/24 21:03:58] TMonster.Start (桂林忍者,3,147,81) failed los_init
[2022/8/24 21:03:58] TMonster.Start (室7护卫武士,70,56,116) failed los_init
[2022/8/24 21:03:58] TMonster.Start (室7护卫武士,70,57,115) failed los_init
[2022/8/24 21:03:58] TMonster.Start (迷宫影忍者,71,63,182) failed los_init
[2022/8/24 21:03:58] TMonster.Start (火王变身2,94,25,18) failed los_init
[2022/8/24 21:03:58] TMonster.Start (鸡,1,484,470) failed los_init
[2022/8/24 21:03:58] TMonster.Start (石巨人,1,917,211) failed los_init
[2022/8/24 21:03:58] TMonster.Start (石巨人,1,917,211) failed los_init
[2022/8/24 21:03:58] TMonster.Start (石巨人,1,917,211) failed los_init
[2022/8/24 21:03:58] TMonster.Start (石巨人,1,917,211) failed los_init
[2022/8/24 21:03:58] TMonster.Start (青龙刺客,31,0,49) failed los_init
[2022/8/24 21:03:58] TMonster.Start (青龙刺客,31,0,49) failed los_init
[2022/8/24 21:03:58] TMonster.Start (花郎,70,128,288) failed los_init
[2022/8/24 21:03:58] TMonster.Start (赦龙组,31,84,66) failed los_init
[2022/8/24 21:03:58] TMonster.Start (赦龙组,31,84,66) failed los_init
[2022/8/24 21:03:58] TMonster.Start (赦龙组,31,46,114) failed los_init
[2022/8/24 21:03:58] TMonster.Start (赦龙组,31,64,35) failed los_init
[2022/8/24 21:03:58] TMonster.Start (赦龙组,31,114,45) failed los_init
[2022/8/24 21:03:58] TMonster.Start (放火装置1,31,140,85) failed los_init
[2022/8/24 21:03:58] TMonster.Start (赤风,1,801,0) failed los_init
[2022/8/24 21:03:58] TMonster.Start (吸血木,1,0,140) failed los_init
[2022/8/24 21:03:58] TMonster.Start (北方魔人,1,0,140) failed los_init
[2022/8/24 21:03:58] TMonster.Start (青眼鼠,1,0,140) failed los_init
[2022/8/24 21:03:58] TMonster.Start (吸血木,1,0,148) failed los_init
[2022/8/24 21:03:58] TMonster.Start (北方魔人,1,0,148) failed los_init
[2022/8/24 21:03:58] TMonster.Start (青眼鼠,1,0,148) failed los_init
[2022/8/24 21:03:58] TMonster.Start (放火装置8,31,142,90) failed los_init
[2022/8/24 21:03:58] TMonster.Start (放火装置1,31,88,135) failed los_init
[2022/8/24 21:03:58] TMonster.Start (隐忍者,4,64,141) failed los_init
[2022/8/24 21:03:58] TMonster.Start (隐忍者,4,64,141) failed los_init
[2022/8/24 21:04:00] GameServer Exit
[2022/9/2 17:31:09] GameServer Started (CHINA)
[2022/9/2 17:31:10] TMonster.Start (室7护卫武士,70,56,116) failed los_init
[2022/9/2 17:31:10] TMonster.Start (室7护卫武士,70,57,115) failed los_init
[2022/9/2 17:31:10] TMonster.Start (火狐狸,19,43,83) failed los_init
[2022/9/2 17:31:10] TMonster.Start (火狐狸3,19,52,72) failed los_init
[2022/9/2 17:31:10] TMonster.Start (九法僧3,29,47,48) failed los_init
[2022/9/2 17:31:10] TMonster.Start (九法僧2,29,38,39) failed los_init
[2022/9/2 17:31:10] TMonster.Start (迷宫扶桑忍者,74,34,43) failed los_init
[2022/9/2 17:31:10] TMonster.Start (迷宫扶桑忍者,74,34,43) failed los_init
[2022/9/2 17:31:10] TMonster.Start (石巨人,1,917,211) failed los_init
[2022/9/2 17:31:10] TMonster.Start (石巨人,1,917,211) failed los_init
[2022/9/2 17:31:10] TMonster.Start (石巨人,1,917,211) failed los_init
[2022/9/2 17:31:10] TMonster.Start (石巨人,1,917,211) failed los_init
[2022/9/2 17:31:10] TMonster.Start (青龙刺客,31,0,49) failed los_init
[2022/9/2 17:31:10] TMonster.Start (隐忍者,3,95,103) failed los_init
[2022/9/2 17:31:10] TMonster.Start (青龙刺客,31,0,49) failed los_init
[2022/9/2 17:31:10] TMonster.Start (青龙刺客,31,95,22) failed los_init
[2022/9/2 17:31:10] TMonster.Start (青龙刺客,31,24,95) failed los_init
[2022/9/2 17:31:10] TMonster.Start (赦龙组,31,84,66) failed los_init
[2022/9/2 17:31:10] TMonster.Start (赦龙组,31,84,66) failed los_init
[2022/9/2 17:31:10] TMonster.Start (赦龙组,31,46,114) failed los_init
[2022/9/2 17:31:10] TMonster.Start (赦龙组,31,64,35) failed los_init
[2022/9/2 17:31:10] TMonster.Start (赦龙组,31,114,45) failed los_init
[2022/9/2 17:31:10] TMonster.Start (花郎,70,276,230) failed los_init
[2022/9/2 17:31:10] TMonster.Start (赤风,1,801,0) failed los_init
[2022/9/2 17:31:10] TMonster.Start (吸血木,1,0,140) failed los_init
[2022/9/2 17:31:10] TMonster.Start (北方魔人,1,0,140) failed los_init
[2022/9/2 17:31:10] TMonster.Start (青眼鼠,1,0,140) failed los_init
[2022/9/2 17:31:10] TMonster.Start (吸血木,1,0,148) failed los_init
[2022/9/2 17:31:10] TMonster.Start (北方魔人,1,0,148) failed los_init
[2022/9/2 17:31:10] TMonster.Start (青眼鼠,1,0,148) failed los_init
[2022/9/2 17:31:10] TMonster.Start (放火装置1,31,115,108) failed los_init
[2022/9/2 17:31:10] TMonster.Start (隐忍者,4,64,141) failed los_init
[2022/9/2 17:31:16] GameServer Exit
[2022/9/2 17:41:44] GameServer Started (CHINA)
[2022/9/2 17:41:45] TMonster.Start (桂林忍者,3,147,81) failed los_init
[2022/9/2 17:41:45] TMonster.Start (室7护卫武士,70,56,116) failed los_init
[2022/9/2 17:41:45] TMonster.Start (室7护卫武士,70,57,115) failed los_init
[2022/9/2 17:41:45] TMonster.Start (迷宫影忍者,71,63,182) failed los_init
[2022/9/2 17:41:45] TMonster.Start (火王变身1,93,25,18) failed los_init
[2022/9/2 17:41:45] TMonster.Start (九法僧1,29,47,48) failed los_init
[2022/9/2 17:41:45] TMonster.Start (火王变身1,93,25,18) failed los_init
[2022/9/2 17:41:45] TMonster.Start (火王变身1,93,25,18) failed los_init
[2022/9/2 17:41:45] TMonster.Start (火狐狸,19,113,73) failed los_init
[2022/9/2 17:41:45] TMonster.Start (石巨人,1,917,211) failed los_init
[2022/9/2 17:41:45] TMonster.Start (石巨人,1,917,211) failed los_init
[2022/9/2 17:41:45] TMonster.Start (石巨人,1,917,211) failed los_init
[2022/9/2 17:41:45] TMonster.Start (石巨人,1,917,211) failed los_init
[2022/9/2 17:41:45] TMonster.Start (青龙刺客,31,0,49) failed los_init
[2022/9/2 17:41:45] TMonster.Start (隐忍者,3,95,103) failed los_init
[2022/9/2 17:41:45] TMonster.Start (青龙刺客,31,0,49) failed los_init
[2022/9/2 17:41:45] TMonster.Start (青龙刺客,31,50,17) failed los_init
[2022/9/2 17:41:45] TMonster.Start (青龙刺客,31,95,22) failed los_init
[2022/9/2 17:41:45] TMonster.Start (青龙刺客,31,95,22) failed los_init
[2022/9/2 17:41:45] TMonster.Start (赦龙组,31,19,49) failed los_init
[2022/9/2 17:41:45] TMonster.Start (赦龙组,31,50,17) failed los_init
[2022/9/2 17:41:45] TMonster.Start (赦龙组,31,84,66) failed los_init
[2022/9/2 17:41:45] TMonster.Start (赦龙组,31,84,66) failed los_init
[2022/9/2 17:41:45] TMonster.Start (赦龙组,31,46,114) failed los_init
[2022/9/2 17:41:45] TMonster.Start (赦龙组,31,64,35) failed los_init
[2022/9/2 17:41:45] TMonster.Start (赦龙组,31,114,45) failed los_init
[2022/9/2 17:41:45] TMonster.Start (赤风,1,801,0) failed los_init
[2022/9/2 17:41:45] TMonster.Start (吸血木,1,0,140) failed los_init
[2022/9/2 17:41:45] TMonster.Start (北方魔人,1,0,140) failed los_init
[2022/9/2 17:41:45] TMonster.Start (青眼鼠,1,0,140) failed los_init
[2022/9/2 17:41:45] TMonster.Start (吸血木,1,0,148) failed los_init
[2022/9/2 17:41:45] TMonster.Start (北方魔人,1,0,148) failed los_init
[2022/9/2 17:41:45] TMonster.Start (青眼鼠,1,0,148) failed los_init
[2022/9/2 17:41:45] TMonster.Start (放火装置2,31,83,133) failed los_init
[2022/9/2 17:41:45] TMonster.Start (隐忍者,4,64,141) failed los_init
[2022/9/2 17:41:48] GameServer Exit
[2022/9/4 0:05:39] GameServer Started (CHINA)
[2022/9/4 0:05:39] TMonster.Start (室7护卫武士,70,56,116) failed los_init
[2022/9/4 0:05:39] TMonster.Start (室7护卫武士,70,57,115) failed los_init
[2022/9/4 0:05:39] TMonster.Start (分身忍者,3,28,136) failed los_init
[2022/9/4 0:05:39] TMonster.Start (火王变身2,94,25,18) failed los_init
[2022/9/4 0:05:39] TMonster.Start (石巨人,1,917,211) failed los_init
[2022/9/4 0:05:39] TMonster.Start (石巨人,1,917,211) failed los_init
[2022/9/4 0:05:39] TMonster.Start (石巨人,1,917,211) failed los_init
[2022/9/4 0:05:39] TMonster.Start (石巨人,1,917,211) failed los_init
[2022/9/4 0:05:39] TMonster.Start (青龙刺客,31,0,49) failed los_init
[2022/9/4 0:05:39] TMonster.Start (青龙刺客,31,0,49) failed los_init
[2022/9/4 0:05:39] TMonster.Start (青龙刺客,31,50,17) failed los_init
[2022/9/4 0:05:39] TMonster.Start (花郎,70,128,288) failed los_init
[2022/9/4 0:05:39] TMonster.Start (赦龙组,31,84,66) failed los_init
[2022/9/4 0:05:39] TMonster.Start (赦龙组,31,84,66) failed los_init
[2022/9/4 0:05:39] TMonster.Start (赦龙组,31,46,114) failed los_init
[2022/9/4 0:05:39] TMonster.Start (赦龙组,31,64,35) failed los_init
[2022/9/4 0:05:39] TMonster.Start (赦龙组,31,114,45) failed los_init
[2022/9/4 0:05:39] TMonster.Start (赤风,1,801,0) failed los_init
[2022/9/4 0:05:39] TMonster.Start (吸血木,1,0,140) failed los_init
[2022/9/4 0:05:39] TMonster.Start (北方魔人,1,0,140) failed los_init
[2022/9/4 0:05:39] TMonster.Start (青眼鼠,1,0,140) failed los_init
[2022/9/4 0:05:39] TMonster.Start (吸血木,1,0,148) failed los_init
[2022/9/4 0:05:39] TMonster.Start (北方魔人,1,0,148) failed los_init
[2022/9/4 0:05:39] TMonster.Start (青眼鼠,1,0,148) failed los_init
[2022/9/4 0:05:39] TMonster.Start (放火装置4,31,104,113) failed los_init
[2022/9/4 0:05:39] TMonster.Start (花郎,70,66,160) failed los_init
[2022/9/4 0:05:39] TMonster.Start (隐忍者,4,64,141) failed los_init
[2022/9/4 0:05:43] GameServer Exit
[2023/2/5 19:00:31] GameServer Started (CHINA)
[2023/2/5 19:00:32] TMonster.Start (桂林忍者,3,147,81) failed los_init
[2023/2/5 19:00:32] TMonster.Start (室7护卫武士,70,56,116) failed los_init
[2023/2/5 19:00:32] TMonster.Start (室7护卫武士,70,57,115) failed los_init
[2023/2/5 19:00:32] TMonster.Start (迷宫桂林忍者,71,63,182) failed los_init
[2023/2/5 19:00:32] TMonster.Start (火王变身1,93,25,18) failed los_init
[2023/2/5 19:00:32] TMonster.Start (分身忍者,3,92,19) failed los_init
[2023/2/5 19:00:32] TMonster.Start (石巨人,1,917,211) failed los_init
[2023/2/5 19:00:32] TMonster.Start (石巨人,1,917,211) failed los_init
[2023/2/5 19:00:32] TMonster.Start (石巨人,1,917,211) failed los_init
[2023/2/5 19:00:32] TMonster.Start (石巨人,1,917,211) failed los_init
[2023/2/5 19:00:32] TMonster.Start (青龙刺客,31,0,49) failed los_init
[2023/2/5 19:00:32] TMonster.Start (青龙刺客,31,0,49) failed los_init
[2023/2/5 19:00:32] TMonster.Start (赦龙组,31,95,22) failed los_init
[2023/2/5 19:00:32] TMonster.Start (赦龙组,31,84,66) failed los_init
[2023/2/5 19:00:32] TMonster.Start (赦龙组,31,84,66) failed los_init
[2023/2/5 19:00:32] TMonster.Start (赦龙组,31,46,114) failed los_init
[2023/2/5 19:00:32] TMonster.Start (赦龙组,31,64,35) failed los_init
[2023/2/5 19:00:32] TMonster.Start (赦龙组,31,114,45) failed los_init
[2023/2/5 19:00:32] TMonster.Start (赤风,1,801,0) failed los_init
[2023/2/5 19:00:32] TMonster.Start (吸血木,1,0,140) failed los_init
[2023/2/5 19:00:32] TMonster.Start (北方魔人,1,0,140) failed los_init
[2023/2/5 19:00:32] TMonster.Start (青眼鼠,1,0,140) failed los_init
[2023/2/5 19:00:32] TMonster.Start (吸血木,1,0,148) failed los_init
[2023/2/5 19:00:32] TMonster.Start (北方魔人,1,0,148) failed los_init
[2023/2/5 19:00:32] TMonster.Start (青眼鼠,1,0,148) failed los_init
[2023/2/5 19:00:32] TMonster.Start (放火装置4,31,77,140) failed los_init
[2023/2/5 19:00:32] TMonster.Start (放火装置6,31,83,146) failed los_init
[2023/2/5 19:00:32] TMonster.Start (迷宫隐忍者,71,63,182) failed los_init
[2023/2/5 19:00:32] TMonster.Start (隐忍者,4,64,141) failed los_init
[2023/2/5 19:13:00] GameServer Exit
[2023/2/5 19:33:26] GameServer Started (CHINA)
[2023/2/5 19:33:26] TMonster.Start (影武者,3,147,81) failed los_init
[2023/2/5 19:33:26] TMonster.Start (室7护卫武士,70,56,116) failed los_init
[2023/2/5 19:33:26] TMonster.Start (室7护卫武士,70,57,115) failed los_init
[2023/2/5 19:33:26] TMonster.Start (火王变身1,93,25,18) failed los_init
[2023/2/5 19:33:27] TMonster.Start (火王变身2,94,25,18) failed los_init
[2023/2/5 19:33:27] TMonster.Start (迷宫扶桑忍者,74,34,43) failed los_init
[2023/2/5 19:33:27] TMonster.Start (石巨人,1,917,211) failed los_init
[2023/2/5 19:33:27] TMonster.Start (石巨人,1,917,211) failed los_init
[2023/2/5 19:33:27] TMonster.Start (石巨人,1,917,211) failed los_init
[2023/2/5 19:33:27] TMonster.Start (石巨人,1,917,211) failed los_init
[2023/2/5 19:33:27] TMonster.Start (青龙刺客,31,0,49) failed los_init
[2023/2/5 19:33:27] TMonster.Start (青龙刺客,31,0,49) failed los_init
[2023/2/5 19:33:27] TMonster.Start (青龙刺客,31,95,22) failed los_init
[2023/2/5 19:33:27] TMonster.Start (青龙刺客,31,24,95) failed los_init
[2023/2/5 19:33:27] TMonster.Start (赦龙组,31,50,17) failed los_init
[2023/2/5 19:33:27] TMonster.Start (赦龙组,31,95,22) failed los_init
[2023/2/5 19:33:27] TMonster.Start (赦龙组,31,84,66) failed los_init
[2023/2/5 19:33:27] TMonster.Start (赦龙组,31,84,66) failed los_init
[2023/2/5 19:33:27] TMonster.Start (赦龙组,31,46,114) failed los_init
[2023/2/5 19:33:27] TMonster.Start (赦龙组,31,64,35) failed los_init
[2023/2/5 19:33:27] TMonster.Start (赦龙组,31,114,45) failed los_init
[2023/2/5 19:33:27] TMonster.Start (赤风,1,801,0) failed los_init
[2023/2/5 19:33:27] TMonster.Start (吸血木,1,0,140) failed los_init
[2023/2/5 19:33:27] TMonster.Start (北方魔人,1,0,140) failed los_init
[2023/2/5 19:33:27] TMonster.Start (青眼鼠,1,0,140) failed los_init
[2023/2/5 19:33:27] TMonster.Start (吸血木,1,0,148) failed los_init
[2023/2/5 19:33:27] TMonster.Start (北方魔人,1,0,148) failed los_init
[2023/2/5 19:33:27] TMonster.Start (青眼鼠,1,0,148) failed los_init
[2023/2/5 19:33:27] TMonster.Start (放火装置8,31,142,90) failed los_init
[2023/2/5 19:33:27] TMonster.Start (放火装置8,31,117,113) failed los_init
[2023/2/5 19:33:27] TMonster.Start (放火装置7,31,88,144) failed los_init
[2023/2/5 19:33:27] TMonster.Start (迷宫隐忍者,71,63,182) failed los_init
[2023/2/5 19:33:27] TMonster.Start (迷宫隐忍者,71,63,182) failed los_init
[2023/2/5 19:33:27] TMonster.Start (隐忍者,4,64,141) failed los_init
[2023/2/5 19:33:35] GameServer Exit
[2023/2/5 19:43:22] GameServer Started (CHINA)
[2023/2/5 19:43:22] TMonster.Start (室7护卫武士,70,56,116) failed los_init
[2023/2/5 19:43:22] TMonster.Start (室7护卫武士,70,57,115) failed los_init
[2023/2/5 19:43:22] TMonster.Start (迷宫影忍者,71,194,202) failed los_init
[2023/2/5 19:43:22] TMonster.Start (火狐狸3,19,52,72) failed los_init
[2023/2/5 19:43:22] TMonster.Start (分身忍者,3,28,136) failed los_init
[2023/2/5 19:43:22] TMonster.Start (分身忍者,3,35,129) failed los_init
[2023/2/5 19:43:22] TMonster.Start (石巨人,1,917,211) failed los_init
[2023/2/5 19:43:22] TMonster.Start (石巨人,1,917,211) failed los_init
[2023/2/5 19:43:22] TMonster.Start (石巨人,1,917,211) failed los_init
[2023/2/5 19:43:22] TMonster.Start (石巨人,1,917,211) failed los_init
[2023/2/5 19:43:22] TMonster.Start (青龙刺客,31,0,49) failed los_init
[2023/2/5 19:43:22] TMonster.Start (青龙刺客,31,0,49) failed los_init
[2023/2/5 19:43:22] TMonster.Start (青龙刺客,31,95,22) failed los_init
[2023/2/5 19:43:22] TMonster.Start (赦龙组,31,50,17) failed los_init
[2023/2/5 19:43:22] TMonster.Start (蜘蛛族,45,118,17) failed los_init
[2023/2/5 19:43:22] TMonster.Start (蜘蛛族,45,118,17) failed los_init
[2023/2/5 19:43:22] TMonster.Start (赦龙组,31,84,66) failed los_init
[2023/2/5 19:43:22] TMonster.Start (赦龙组,31,84,66) failed los_init
[2023/2/5 19:43:22] TMonster.Start (赦龙组,31,46,114) failed los_init
[2023/2/5 19:43:22] TMonster.Start (赦龙组,31,64,35) failed los_init
[2023/2/5 19:43:22] TMonster.Start (赦龙组,31,114,45) failed los_init
[2023/2/5 19:43:22] TMonster.Start (赤风,1,801,0) failed los_init
[2023/2/5 19:43:22] TMonster.Start (吸血木,1,0,140) failed los_init
[2023/2/5 19:43:22] TMonster.Start (北方魔人,1,0,140) failed los_init
[2023/2/5 19:43:22] TMonster.Start (青眼鼠,1,0,140) failed los_init
[2023/2/5 19:43:22] TMonster.Start (吸血木,1,0,148) failed los_init
[2023/2/5 19:43:22] TMonster.Start (北方魔人,1,0,148) failed los_init
[2023/2/5 19:43:22] TMonster.Start (青眼鼠,1,0,148) failed los_init
[2023/2/5 19:43:22] TMonster.Start (迷宫隐忍者,71,63,182) failed los_init
[2023/2/5 19:43:22] TMonster.Start (迷宫隐忍者,71,63,182) failed los_init
[2023/2/5 19:43:22] TMonster.Start (隐忍者,4,64,141) failed los_init
[2023/2/5 19:43:22] TMonster.Start (隐忍者,4,64,141) failed los_init
[2023/2/5 19:44:17] GameServer Exit
[2023/2/5 21:07:06] GameServer Started (CHINA)
[2023/2/5 21:07:06] TMonster.Start (室7护卫武士,70,56,116) failed los_init
[2023/2/5 21:07:06] TMonster.Start (室7护卫武士,70,57,115) failed los_init
[2023/2/5 21:07:06] TMonster.Start (迷宫影忍者,71,63,182) failed los_init
[2023/2/5 21:07:06] TMonster.Start (迷宫桂林忍者,71,63,182) failed los_init
[2023/2/5 21:07:06] TMonster.Start (迷宫影忍者,71,63,182) failed los_init
[2023/2/5 21:07:06] TMonster.Start (迷宫隐忍者,71,194,202) failed los_init
[2023/2/5 21:07:06] TMonster.Start (火王变身1,93,25,18) failed los_init
[2023/2/5 21:07:06] TMonster.Start (火王变身2,94,25,18) failed los_init
[2023/2/5 21:07:06] TMonster.Start (迷宫扶桑忍者,74,34,43) failed los_init
[2023/2/5 21:07:06] TMonster.Start (石巨人,1,917,211) failed los_init
[2023/2/5 21:07:06] TMonster.Start (石巨人,1,917,211) failed los_init
[2023/2/5 21:07:06] TMonster.Start (石巨人,1,917,211) failed los_init
[2023/2/5 21:07:06] TMonster.Start (石巨人,1,917,211) failed los_init
[2023/2/5 21:07:06] TMonster.Start (青龙刺客,31,0,49) failed los_init
[2023/2/5 21:07:06] TMonster.Start (隐忍者,3,95,103) failed los_init
[2023/2/5 21:07:06] TMonster.Start (青龙刺客,31,0,49) failed los_init
[2023/2/5 21:07:06] TMonster.Start (青龙刺客,31,50,17) failed los_init
[2023/2/5 21:07:06] TMonster.Start (青龙刺客,31,95,22) failed los_init
[2023/2/5 21:07:06] TMonster.Start (青龙刺客,31,24,95) failed los_init
[2023/2/5 21:07:07] TMonster.Start (赦龙组,31,84,66) failed los_init
[2023/2/5 21:07:07] TMonster.Start (赦龙组,31,84,66) failed los_init
[2023/2/5 21:07:07] TMonster.Start (赦龙组,31,46,114) failed los_init
[2023/2/5 21:07:07] TMonster.Start (赦龙组,31,64,35) failed los_init
[2023/2/5 21:07:07] TMonster.Start (赦龙组,31,114,45) failed los_init
[2023/2/5 21:07:07] TMonster.Start (赤风,1,801,0) failed los_init
[2023/2/5 21:07:07] TMonster.Start (吸血木,1,0,140) failed los_init
[2023/2/5 21:07:07] TMonster.Start (北方魔人,1,0,140) failed los_init
[2023/2/5 21:07:07] TMonster.Start (青眼鼠,1,0,140) failed los_init
[2023/2/5 21:07:07] TMonster.Start (吸血木,1,0,148) failed los_init
[2023/2/5 21:07:07] TMonster.Start (北方魔人,1,0,148) failed los_init
[2023/2/5 21:07:07] TMonster.Start (青眼鼠,1,0,148) failed los_init
[2023/2/5 21:07:07] TMonster.Start (放火装置6,31,135,96) failed los_init
[2023/2/5 21:07:07] TMonster.Start (放火装置8,31,142,90) failed los_init
[2023/2/5 21:07:07] TMonster.Start (迷宫隐忍者,71,63,182) failed los_init
[2023/2/5 21:07:07] TMonster.Start (迷宫隐忍者,71,63,182) failed los_init
[2023/2/5 21:07:07] TMonster.Start (忍者1,98,227,141) failed los_init
[2023/2/5 21:07:07] TMonster.Start (隐忍者,4,64,141) failed los_init
[2023/2/5 21:07:07] TMonster.Start (迷宫隐忍者,71,95,222) failed los_init
[2023/2/5 21:07:24] GameServer Exit
