2021/1/31/–«∆⁄»’ 14:52:35,,Start,DB
2021/1/31/–«∆⁄»’ 14:52:35,127.0.0.1:58268,TryInsert,
2021/1/31/–«∆⁄»’ 14:52:45,,Reconnect To RemoteServer:DB,DB
2021/1/31/–«∆⁄»’ 14:52:45,,Reconnect To RemoteServer:ITEM,DB
2021/1/31/–«∆⁄»’ 14:52:55,,Reconnect To RemoteServer:DB,DB
2021/1/31/–«∆⁄»’ 14:52:55,,Reconnect To RemoteServer:ITEM,DB
2021/1/31/–«∆⁄»’ 14:53:05,,Reconnect To RemoteServer:DB,DB
2021/1/31/–«∆⁄»’ 14:53:05,,Reconnect To RemoteServer:ITEM,DB
2021/1/31/–«∆⁄»’ 14:53:15,,Reconnect To RemoteServer:DB,DB
2021/1/31/–«∆⁄»’ 14:53:15,,Reconnect To RemoteServer:ITEM,DB
2021/1/31/–«∆⁄»’ 14:53:25,,Reconnect To RemoteServer:DB,DB
2021/1/31/–«∆⁄»’ 14:53:25,,Reconnect To RemoteServer:ITEM,DB
2021/1/31/–«∆⁄»’ 14:53:35,,Reconnect To RemoteServer:DB,DB
2021/1/31/–«∆⁄»’ 14:53:35,,Reconnect To RemoteServer:ITEM,DB
2021/1/31/–«∆⁄»’ 14:53:45,,Reconnect To RemoteServer:DB,DB
2021/1/31/–«∆⁄»’ 14:53:45,,Reconnect To RemoteServer:ITEM,DB
2021/1/31/–«∆⁄»’ 14:53:55,,Reconnect To RemoteServer:DB,DB
2021/1/31/–«∆⁄»’ 14:53:55,,Reconnect To RemoteServer:ITEM,DB
2021/1/31/–«∆⁄»’ 14:54:05,,Reconnect To RemoteServer:DB,DB
2021/1/31/–«∆⁄»’ 14:54:05,,Reconnect To RemoteServer:ITEM,DB
2021/1/31/–«∆⁄»’ 14:54:15,,Reconnect To RemoteServer:DB,DB
2021/1/31/–«∆⁄»’ 14:54:15,,Reconnect To RemoteServer:ITEM,DB
2021/1/31/–«∆⁄»’ 14:54:25,,Reconnect To RemoteServer:DB,DB
2021/1/31/–«∆⁄»’ 14:54:25,,Reconnect To RemoteServer:ITEM,DB
2021/1/31/–«∆⁄»’ 14:54:35,,Reconnect To RemoteServer:DB,DB
2021/1/31/–«∆⁄»’ 14:54:35,,Reconnect To RemoteServer:ITEM,DB
2021/1/31/–«∆⁄»’ 14:54:45,,Reconnect To RemoteServer:DB,DB
2021/1/31/–«∆⁄»’ 14:54:45,,Reconnect To RemoteServer:ITEM,DB
2021/1/31/–«∆⁄»’ 14:54:55,,Reconnect To RemoteServer:DB,DB
2021/1/31/–«∆⁄»’ 14:54:55,,Reconnect To RemoteServer:ITEM,DB
2021/1/31/–«∆⁄»’ 14:55:05,,Reconnect To RemoteServer:DB,DB
2021/1/31/–«∆⁄»’ 14:55:05,,Reconnect To RemoteServer:ITEM,DB
2021/1/31/–«∆⁄»’ 14:55:15,,Reconnect To RemoteServer:DB,DB
2021/1/31/–«∆⁄»’ 14:55:15,,Reconnect To RemoteServer:ITEM,DB
2021/1/31/–«∆⁄»’ 14:55:25,,Reconnect To RemoteServer:DB,DB
2021/1/31/–«∆⁄»’ 14:55:25,,Reconnect To RemoteServer:ITEM,DB
2021/1/31/–«∆⁄»’ 14:55:35,,Reconnect To RemoteServer:DB,DB
2021/1/31/–«∆⁄»’ 14:55:35,,Reconnect To RemoteServer:ITEM,DB
2021/1/31/–«∆⁄»’ 14:55:45,,Reconnect To RemoteServer:DB,DB
2021/1/31/–«∆⁄»’ 14:55:45,,Reconnect To RemoteServer:ITEM,DB
2021/1/31/–«∆⁄»’ 14:55:55,,Reconnect To RemoteServer:DB,DB
2021/1/31/–«∆⁄»’ 14:55:55,,Reconnect To RemoteServer:ITEM,DB
2021/1/31/–«∆⁄»’ 14:56:05,,Reconnect To RemoteServer:DB,DB
2021/1/31/–«∆⁄»’ 14:56:05,,Reconnect To RemoteServer:ITEM,DB
2021/1/31/–«∆⁄»’ 14:56:15,,Reconnect To RemoteServer:DB,DB
2021/1/31/–«∆⁄»’ 14:56:15,,Reconnect To RemoteServer:ITEM,DB
2021/1/31/–«∆⁄»’ 14:56:25,,Reconnect To RemoteServer:DB,DB
2021/1/31/–«∆⁄»’ 14:56:25,,Reconnect To RemoteServer:ITEM,DB
2021/1/31/–«∆⁄»’ 14:56:35,,Reconnect To RemoteServer:DB,DB
2021/1/31/–«∆⁄»’ 14:56:35,,Reconnect To RemoteServer:ITEM,DB
2021/1/31/–«∆⁄»’ 14:56:45,,Reconnect To RemoteServer:DB,DB
2021/1/31/–«∆⁄»’ 14:56:45,,Reconnect To RemoteServer:ITEM,DB
2021/1/31/–«∆⁄»’ 14:56:55,,Reconnect To RemoteServer:DB,DB
2021/1/31/–«∆⁄»’ 14:56:55,,Reconnect To RemoteServer:ITEM,DB
2021/1/31/–«∆⁄»’ 14:57:05,,Reconnect To RemoteServer:DB,DB
2021/1/31/–«∆⁄»’ 14:57:05,,Reconnect To RemoteServer:ITEM,DB
2021/1/31/–«∆⁄»’ 14:57:15,,Reconnect To RemoteServer:DB,DB
2021/1/31/–«∆⁄»’ 14:57:15,,Reconnect To RemoteServer:ITEM,DB
2021/1/31/–«∆⁄»’ 14:57:25,,Reconnect To RemoteServer:DB,DB
2021/1/31/–«∆⁄»’ 14:57:25,,Reconnect To RemoteServer:ITEM,DB
2021/1/31/–«∆⁄»’ 14:57:35,,Reconnect To RemoteServer:DB,DB
2021/1/31/–«∆⁄»’ 14:57:35,,Reconnect To RemoteServer:ITEM,DB
2021/1/31/–«∆⁄»’ 14:57:45,,Reconnect To RemoteServer:DB,DB
2021/1/31/–«∆⁄»’ 14:57:45,,Reconnect To RemoteServer:ITEM,DB
2021/1/31/–«∆⁄»’ 14:57:55,,Reconnect To RemoteServer:DB,DB
2021/1/31/–«∆⁄»’ 14:57:55,,Reconnect To RemoteServer:ITEM,DB
2021/1/31/–«∆⁄»’ 14:58:05,,Reconnect To RemoteServer:DB,DB
2021/1/31/–«∆⁄»’ 14:58:05,,Reconnect To RemoteServer:ITEM,DB
2021/1/31/–«∆⁄»’ 14:58:15,,Reconnect To RemoteServer:DB,DB
2021/1/31/–«∆⁄»’ 14:58:15,,Reconnect To RemoteServer:ITEM,DB
2021/1/31/–«∆⁄»’ 14:58:25,,Reconnect To RemoteServer:DB,DB
2021/1/31/–«∆⁄»’ 14:58:25,,Reconnect To RemoteServer:ITEM,DB
2021/1/31/–«∆⁄»’ 14:58:35,,Reconnect To RemoteServer:DB,DB
2021/1/31/–«∆⁄»’ 14:58:35,,Reconnect To RemoteServer:ITEM,DB
2021/1/31/–«∆⁄»’ 14:58:45,,Reconnect To RemoteServer:DB,DB
2021/1/31/–«∆⁄»’ 14:58:45,,Reconnect To RemoteServer:ITEM,DB
2021/1/31/–«∆⁄»’ 14:58:55,,Reconnect To RemoteServer:DB,DB
2021/1/31/–«∆⁄»’ 14:58:55,,Reconnect To RemoteServer:ITEM,DB
2021/1/31/–«∆⁄»’ 14:59:05,,Reconnect To RemoteServer:DB,DB
2021/1/31/–«∆⁄»’ 14:59:05,,Reconnect To RemoteServer:ITEM,DB
2021/1/31/–«∆⁄»’ 14:59:15,,Reconnect To RemoteServer:DB,DB
2021/1/31/–«∆⁄»’ 14:59:15,,Reconnect To RemoteServer:ITEM,DB
2021/1/31/–«∆⁄»’ 14:59:25,,Reconnect To RemoteServer:DB,DB
2021/1/31/–«∆⁄»’ 14:59:25,,Reconnect To RemoteServer:ITEM,DB
2021/1/31/–«∆⁄»’ 14:59:35,,Reconnect To RemoteServer:DB,DB
2021/1/31/–«∆⁄»’ 14:59:35,,Reconnect To RemoteServer:ITEM,DB
2021/1/31/–«∆⁄»’ 14:59:45,,Reconnect To RemoteServer:DB,DB
2021/1/31/–«∆⁄»’ 14:59:45,,Reconnect To RemoteServer:ITEM,DB
2021/1/31/–«∆⁄»’ 14:59:55,,Reconnect To RemoteServer:DB,DB
2021/1/31/–«∆⁄»’ 14:59:55,,Reconnect To RemoteServer:ITEM,DB
2021/1/31/–«∆⁄»’ 15:00:05,,Reconnect To RemoteServer:DB,DB
2021/1/31/–«∆⁄»’ 15:00:05,,Reconnect To RemoteServer:ITEM,DB
2021/1/31/–«∆⁄»’ 15:00:15,,Reconnect To RemoteServer:DB,DB
2021/1/31/–«∆⁄»’ 15:00:15,,Reconnect To RemoteServer:ITEM,DB
2021/1/31/–«∆⁄»’ 15:00:25,,Reconnect To RemoteServer:DB,DB
2021/1/31/–«∆⁄»’ 15:00:25,,Reconnect To RemoteServer:ITEM,DB
2021/1/31/–«∆⁄»’ 15:00:35,,Reconnect To RemoteServer:DB,DB
2021/1/31/–«∆⁄»’ 15:00:35,,Reconnect To RemoteServer:ITEM,DB
2021/1/31/–«∆⁄»’ 15:00:45,,Reconnect To RemoteServer:DB,DB
2021/1/31/–«∆⁄»’ 15:00:45,,Reconnect To RemoteServer:ITEM,DB
2021/1/31/–«∆⁄»’ 15:00:55,,Reconnect To RemoteServer:DB,DB
2021/1/31/–«∆⁄»’ 15:00:55,,Reconnect To RemoteServer:ITEM,DB
2021/1/31/–«∆⁄»’ 15:01:05,,Reconnect To RemoteServer:DB,DB
2021/1/31/–«∆⁄»’ 15:01:05,,Reconnect To RemoteServer:ITEM,DB
2021/1/31/–«∆⁄»’ 15:01:15,,Reconnect To RemoteServer:DB,DB
2021/1/31/–«∆⁄»’ 15:01:15,,Reconnect To RemoteServer:ITEM,DB
2021/1/31/–«∆⁄»’ 15:01:25,,Reconnect To RemoteServer:DB,DB
2021/1/31/–«∆⁄»’ 15:01:25,,Reconnect To RemoteServer:ITEM,DB
2021/1/31/–«∆⁄»’ 15:01:35,,Reconnect To RemoteServer:DB,DB
2021/1/31/–«∆⁄»’ 15:01:35,,Reconnect To RemoteServer:ITEM,DB
2021/1/31/–«∆⁄»’ 15:01:45,,Reconnect To RemoteServer:DB,DB
2021/1/31/–«∆⁄»’ 15:01:45,,Reconnect To RemoteServer:ITEM,DB
2021/1/31/–«∆⁄»’ 15:01:55,,Reconnect To RemoteServer:DB,DB
2021/1/31/–«∆⁄»’ 15:01:55,,Reconnect To RemoteServer:ITEM,DB
2021/1/31/–«∆⁄»’ 15:02:05,,Reconnect To RemoteServer:DB,DB
2021/1/31/–«∆⁄»’ 15:02:05,,Reconnect To RemoteServer:ITEM,DB
2021/1/31/–«∆⁄»’ 15:02:15,,Reconnect To RemoteServer:DB,DB
2021/1/31/–«∆⁄»’ 15:02:15,,Reconnect To RemoteServer:ITEM,DB
2021/1/31/–«∆⁄»’ 15:02:25,,Reconnect To RemoteServer:DB,DB
2021/1/31/–«∆⁄»’ 15:02:25,,Reconnect To RemoteServer:ITEM,DB
2021/1/31/–«∆⁄»’ 15:02:35,,Reconnect To RemoteServer:DB,DB
2021/1/31/–«∆⁄»’ 15:02:35,,Reconnect To RemoteServer:ITEM,DB
2021/1/31/–«∆⁄»’ 15:02:45,,Reconnect To RemoteServer:DB,DB
2021/1/31/–«∆⁄»’ 15:02:45,,Reconnect To RemoteServer:ITEM,DB
2021/1/31/–«∆⁄»’ 15:02:55,,Reconnect To RemoteServer:DB,DB
2021/1/31/–«∆⁄»’ 15:02:55,,Reconnect To RemoteServer:ITEM,DB
2021/1/31/–«∆⁄»’ 15:03:05,,Reconnect To RemoteServer:DB,DB
2021/1/31/–«∆⁄»’ 15:03:05,,Reconnect To RemoteServer:ITEM,DB
2021/1/31/–«∆⁄»’ 15:03:15,,Reconnect To RemoteServer:DB,DB
2021/1/31/–«∆⁄»’ 15:03:15,,Reconnect To RemoteServer:ITEM,DB
2021/1/31/–«∆⁄»’ 15:03:25,,Reconnect To RemoteServer:DB,DB
2021/1/31/–«∆⁄»’ 15:03:25,,Reconnect To RemoteServer:ITEM,DB
2021/1/31/–«∆⁄»’ 15:03:35,,Reconnect To RemoteServer:DB,DB
2021/1/31/–«∆⁄»’ 15:03:35,,Reconnect To RemoteServer:ITEM,DB
2021/1/31/–«∆⁄»’ 15:03:45,,Reconnect To RemoteServer:DB,DB
2021/1/31/–«∆⁄»’ 15:03:45,,Reconnect To RemoteServer:ITEM,DB
2021/1/31/–«∆⁄»’ 15:03:55,,Reconnect To RemoteServer:DB,DB
2021/1/31/–«∆⁄»’ 15:03:55,,Reconnect To RemoteServer:ITEM,DB
2021/1/31/–«∆⁄»’ 15:04:05,,Reconnect To RemoteServer:DB,DB
2021/1/31/–«∆⁄»’ 15:04:05,,Reconnect To RemoteServer:ITEM,DB
2021/1/31/–«∆⁄»’ 15:04:15,,Reconnect To RemoteServer:DB,DB
2021/1/31/–«∆⁄»’ 15:04:15,,Reconnect To RemoteServer:ITEM,DB
2021/1/31/–«∆⁄»’ 15:04:25,,Reconnect To RemoteServer:DB,DB
2021/1/31/–«∆⁄»’ 15:04:25,,Reconnect To RemoteServer:ITEM,DB
2021/1/31/–«∆⁄»’ 15:04:35,,Reconnect To RemoteServer:DB,DB
2021/1/31/–«∆⁄»’ 15:04:35,,Reconnect To RemoteServer:ITEM,DB
2021/1/31/–«∆⁄»’ 15:04:45,,Reconnect To RemoteServer:DB,DB
2021/1/31/–«∆⁄»’ 15:04:45,,Reconnect To RemoteServer:ITEM,DB
2021/1/31/–«∆⁄»’ 15:04:55,,Reconnect To RemoteServer:DB,DB
2021/1/31/–«∆⁄»’ 15:04:55,,Reconnect To RemoteServer:ITEM,DB
2021/1/31/–«∆⁄»’ 15:05:05,,Reconnect To RemoteServer:DB,DB
2021/1/31/–«∆⁄»’ 15:05:05,,Reconnect To RemoteServer:ITEM,DB
2021/1/31/–«∆⁄»’ 15:05:15,,Reconnect To RemoteServer:DB,DB
2021/1/31/–«∆⁄»’ 15:05:15,,Reconnect To RemoteServer:ITEM,DB
2021/1/31/–«∆⁄»’ 15:05:25,,Reconnect To RemoteServer:DB,DB
2021/1/31/–«∆⁄»’ 15:05:25,,Reconnect To RemoteServer:ITEM,DB
2021/1/31/–«∆⁄»’ 15:05:35,,Reconnect To RemoteServer:DB,DB
2021/1/31/–«∆⁄»’ 15:05:35,,Reconnect To RemoteServer:ITEM,DB
2021/1/31/–«∆⁄»’ 15:05:45,,Reconnect To RemoteServer:DB,DB
2021/1/31/–«∆⁄»’ 15:05:45,,Reconnect To RemoteServer:ITEM,DB
2021/1/31/–«∆⁄»’ 15:05:55,,Reconnect To RemoteServer:DB,DB
2021/1/31/–«∆⁄»’ 15:05:55,,Reconnect To RemoteServer:ITEM,DB
2021/1/31/–«∆⁄»’ 15:06:05,,Reconnect To RemoteServer:DB,DB
2021/1/31/–«∆⁄»’ 15:06:05,,Reconnect To RemoteServer:ITEM,DB
2021/1/31/–«∆⁄»’ 15:06:15,,Reconnect To RemoteServer:DB,DB
2021/1/31/–«∆⁄»’ 15:06:15,,Reconnect To RemoteServer:ITEM,DB
2021/1/31/–«∆⁄»’ 15:06:25,,Reconnect To RemoteServer:DB,DB
2021/1/31/–«∆⁄»’ 15:06:25,,Reconnect To RemoteServer:ITEM,DB
2021/1/31/–«∆⁄»’ 15:06:35,,Reconnect To RemoteServer:DB,DB
2021/1/31/–«∆⁄»’ 15:06:35,,Reconnect To RemoteServer:ITEM,DB
2021/1/31/–«∆⁄»’ 15:06:45,,Reconnect To RemoteServer:DB,DB
2021/1/31/–«∆⁄»’ 15:06:45,,Reconnect To RemoteServer:ITEM,DB
2021/1/31/–«∆⁄»’ 15:06:55,,Reconnect To RemoteServer:DB,DB
2021/1/31/–«∆⁄»’ 15:06:55,,Reconnect To RemoteServer:ITEM,DB
2021/1/31/–«∆⁄»’ 15:07:05,,Reconnect To RemoteServer:DB,DB
2021/1/31/–«∆⁄»’ 15:07:05,,Reconnect To RemoteServer:ITEM,DB
2021/1/31/–«∆⁄»’ 15:07:15,,Reconnect To RemoteServer:DB,DB
2021/1/31/–«∆⁄»’ 15:07:15,,Reconnect To RemoteServer:ITEM,DB
2021/1/31/–«∆⁄»’ 15:07:25,,Reconnect To RemoteServer:DB,DB
2021/1/31/–«∆⁄»’ 15:07:25,,Reconnect To RemoteServer:ITEM,DB
2021/1/31/–«∆⁄»’ 15:07:35,,Reconnect To RemoteServer:DB,DB
2021/1/31/–«∆⁄»’ 15:07:35,,Reconnect To RemoteServer:ITEM,DB
2021/1/31/–«∆⁄»’ 15:07:45,,Reconnect To RemoteServer:DB,DB
2021/1/31/–«∆⁄»’ 15:07:45,,Reconnect To RemoteServer:ITEM,DB
2021/1/31/–«∆⁄»’ 15:07:55,,Reconnect To RemoteServer:DB,DB
2021/1/31/–«∆⁄»’ 15:07:55,,Reconnect To RemoteServer:ITEM,DB
2021/1/31/–«∆⁄»’ 15:08:05,,Reconnect To RemoteServer:DB,DB
2021/1/31/–«∆⁄»’ 15:08:05,,Reconnect To RemoteServer:ITEM,DB
2021/1/31/–«∆⁄»’ 15:08:15,,Reconnect To RemoteServer:DB,DB
2021/1/31/–«∆⁄»’ 15:08:15,,Reconnect To RemoteServer:ITEM,DB
2021/1/31/–«∆⁄»’ 15:08:25,,Reconnect To RemoteServer:DB,DB
2021/1/31/–«∆⁄»’ 15:08:25,,Reconnect To RemoteServer:ITEM,DB
2021/1/31/–«∆⁄»’ 15:08:35,,Reconnect To RemoteServer:DB,DB
2021/1/31/–«∆⁄»’ 15:08:35,,Reconnect To RemoteServer:ITEM,DB
2021/1/31/–«∆⁄»’ 15:08:45,,Reconnect To RemoteServer:DB,DB
2021/1/31/–«∆⁄»’ 15:08:45,,Reconnect To RemoteServer:ITEM,DB
2021/1/31/–«∆⁄»’ 15:08:55,,Reconnect To RemoteServer:DB,DB
2021/1/31/–«∆⁄»’ 15:08:55,,Reconnect To RemoteServer:ITEM,DB
2021/1/31/–«∆⁄»’ 15:09:05,,Reconnect To RemoteServer:DB,DB
2021/1/31/–«∆⁄»’ 15:09:05,,Reconnect To RemoteServer:ITEM,DB
2021/1/31/–«∆⁄»’ 15:09:15,,Reconnect To RemoteServer:DB,DB
2021/1/31/–«∆⁄»’ 15:09:15,,Reconnect To RemoteServer:ITEM,DB
2021/1/31/–«∆⁄»’ 15:09:25,,Reconnect To RemoteServer:DB,DB
2021/1/31/–«∆⁄»’ 15:09:25,,Reconnect To RemoteServer:ITEM,DB
2021/1/31/–«∆⁄»’ 15:09:35,,Reconnect To RemoteServer:DB,DB
2021/1/31/–«∆⁄»’ 15:09:35,,Reconnect To RemoteServer:ITEM,DB
2021/1/31/–«∆⁄»’ 15:09:45,,Reconnect To RemoteServer:DB,DB
2021/1/31/–«∆⁄»’ 15:09:45,,Reconnect To RemoteServer:ITEM,DB
2021/1/31/–«∆⁄»’ 15:09:55,,Reconnect To RemoteServer:DB,DB
2021/1/31/–«∆⁄»’ 15:09:55,,Reconnect To RemoteServer:ITEM,DB
2021/1/31/–«∆⁄»’ 15:10:05,,Reconnect To RemoteServer:DB,DB
2021/1/31/–«∆⁄»’ 15:10:05,,Reconnect To RemoteServer:ITEM,DB
2021/1/31/–«∆⁄»’ 15:10:15,,Reconnect To RemoteServer:DB,DB
2021/1/31/–«∆⁄»’ 15:10:15,,Reconnect To RemoteServer:ITEM,DB
2021/1/31/–«∆⁄»’ 15:10:25,,Reconnect To RemoteServer:DB,DB
2021/1/31/–«∆⁄»’ 15:10:25,,Reconnect To RemoteServer:ITEM,DB
2021/1/31/–«∆⁄»’ 15:10:35,,Reconnect To RemoteServer:DB,DB
2021/1/31/–«∆⁄»’ 15:10:35,,Reconnect To RemoteServer:ITEM,DB
2021/1/31/–«∆⁄»’ 15:10:45,,Reconnect To RemoteServer:DB,DB
2021/1/31/–«∆⁄»’ 15:10:45,,Reconnect To RemoteServer:ITEM,DB
2021/1/31/–«∆⁄»’ 15:10:55,,Reconnect To RemoteServer:DB,DB
2021/1/31/–«∆⁄»’ 15:10:55,,Reconnect To RemoteServer:ITEM,DB
2021/1/31/–«∆⁄»’ 15:11:05,,Reconnect To RemoteServer:DB,DB
2021/1/31/–«∆⁄»’ 15:11:05,,Reconnect To RemoteServer:ITEM,DB
2021/1/31/–«∆⁄»’ 15:11:15,,Reconnect To RemoteServer:DB,DB
2021/1/31/–«∆⁄»’ 15:11:15,,Reconnect To RemoteServer:ITEM,DB
2021/1/31/–«∆⁄»’ 15:11:25,,Reconnect To RemoteServer:DB,DB
2021/1/31/–«∆⁄»’ 15:11:25,,Reconnect To RemoteServer:ITEM,DB
2021/1/31/–«∆⁄»’ 15:11:35,,Reconnect To RemoteServer:DB,DB
2021/1/31/–«∆⁄»’ 15:11:35,,Reconnect To RemoteServer:ITEM,DB
2021/1/31/–«∆⁄»’ 15:11:45,,Reconnect To RemoteServer:DB,DB
2021/1/31/–«∆⁄»’ 15:11:45,,Reconnect To RemoteServer:ITEM,DB
2021/1/31/–«∆⁄»’ 15:11:55,,Reconnect To RemoteServer:DB,DB
2021/1/31/–«∆⁄»’ 15:11:55,,Reconnect To RemoteServer:ITEM,DB
2021/1/31/–«∆⁄»’ 15:12:05,,Reconnect To RemoteServer:DB,DB
2021/1/31/–«∆⁄»’ 15:12:05,,Reconnect To RemoteServer:ITEM,DB
2021/1/31/–«∆⁄»’ 15:12:15,,Reconnect To RemoteServer:DB,DB
2021/1/31/–«∆⁄»’ 15:12:15,,Reconnect To RemoteServer:ITEM,DB
2021/1/31/–«∆⁄»’ 15:12:25,,Reconnect To RemoteServer:DB,DB
2021/1/31/–«∆⁄»’ 15:12:25,,Reconnect To RemoteServer:ITEM,DB
2021/1/31/–«∆⁄»’ 15:12:35,,Reconnect To RemoteServer:DB,DB
2021/1/31/–«∆⁄»’ 15:12:35,,Reconnect To RemoteServer:ITEM,DB
2021/1/31/–«∆⁄»’ 15:12:45,,Reconnect To RemoteServer:DB,DB
2021/1/31/–«∆⁄»’ 15:12:45,,Reconnect To RemoteServer:ITEM,DB
2021/1/31/–«∆⁄»’ 15:12:55,,Reconnect To RemoteServer:DB,DB
2021/1/31/–«∆⁄»’ 15:12:55,,Reconnect To RemoteServer:ITEM,DB
2021/1/31/–«∆⁄»’ 15:13:05,,Reconnect To RemoteServer:DB,DB
2021/1/31/–«∆⁄»’ 15:13:05,,Reconnect To RemoteServer:ITEM,DB
2021/1/31/–«∆⁄»’ 15:13:15,,Reconnect To RemoteServer:DB,DB
2021/1/31/–«∆⁄»’ 15:13:15,,Reconnect To RemoteServer:ITEM,DB
2021/1/31/–«∆⁄»’ 15:13:25,,Reconnect To RemoteServer:DB,DB
2021/1/31/–«∆⁄»’ 15:13:25,,Reconnect To RemoteServer:ITEM,DB
2021/1/31/–«∆⁄»’ 15:13:35,,Reconnect To RemoteServer:DB,DB
2021/1/31/–«∆⁄»’ 15:13:35,,Reconnect To RemoteServer:ITEM,DB
2021/1/31/–«∆⁄»’ 15:13:45,,Reconnect To RemoteServer:DB,DB
2021/1/31/–«∆⁄»’ 15:13:45,,Reconnect To RemoteServer:ITEM,DB
2021/1/31/–«∆⁄»’ 15:13:55,,Reconnect To RemoteServer:DB,DB
2021/1/31/–«∆⁄»’ 15:13:55,,Reconnect To RemoteServer:ITEM,DB
2021/1/31/–«∆⁄»’ 15:14:05,,Reconnect To RemoteServer:DB,DB
2021/1/31/–«∆⁄»’ 15:14:05,,Reconnect To RemoteServer:ITEM,DB
2021/1/31/–«∆⁄»’ 15:14:15,,Reconnect To RemoteServer:DB,DB
2021/1/31/–«∆⁄»’ 15:14:15,,Reconnect To RemoteServer:ITEM,DB
2021/1/31/–«∆⁄»’ 15:14:25,,Reconnect To RemoteServer:DB,DB
2021/1/31/–«∆⁄»’ 15:14:25,,Reconnect To RemoteServer:ITEM,DB
2021/1/31/–«∆⁄»’ 15:14:35,,Reconnect To RemoteServer:DB,DB
2021/1/31/–«∆⁄»’ 15:14:35,,Reconnect To RemoteServer:ITEM,DB
2021/1/31/–«∆⁄»’ 15:14:45,,Reconnect To RemoteServer:DB,DB
2021/1/31/–«∆⁄»’ 15:14:45,,Reconnect To RemoteServer:ITEM,DB
2021/1/31/–«∆⁄»’ 15:14:55,,Reconnect To RemoteServer:DB,DB
2021/1/31/–«∆⁄»’ 15:14:55,,Reconnect To RemoteServer:ITEM,DB
2021/1/31/–«∆⁄»’ 15:15:05,,Reconnect To RemoteServer:DB,DB
2021/1/31/–«∆⁄»’ 15:15:05,,Reconnect To RemoteServer:ITEM,DB
2021/1/31/–«∆⁄»’ 15:15:15,,Reconnect To RemoteServer:DB,DB
2021/1/31/–«∆⁄»’ 15:15:15,,Reconnect To RemoteServer:ITEM,DB
2021/1/31/–«∆⁄»’ 15:15:25,,Reconnect To RemoteServer:DB,DB
2021/1/31/–«∆⁄»’ 15:15:25,,Reconnect To RemoteServer:ITEM,DB
2021/1/31/–«∆⁄»’ 15:15:35,,Reconnect To RemoteServer:DB,DB
2021/1/31/–«∆⁄»’ 15:15:35,,Reconnect To RemoteServer:ITEM,DB
2021/1/31/–«∆⁄»’ 15:15:45,,Reconnect To RemoteServer:DB,DB
2021/1/31/–«∆⁄»’ 15:15:45,,Reconnect To RemoteServer:ITEM,DB
2021/1/31/–«∆⁄»’ 15:15:55,,Reconnect To RemoteServer:DB,DB
2021/1/31/–«∆⁄»’ 15:15:55,,Reconnect To RemoteServer:ITEM,DB
2021/1/31/–«∆⁄»’ 15:16:05,,Reconnect To RemoteServer:DB,DB
2021/1/31/–«∆⁄»’ 15:16:05,,Reconnect To RemoteServer:ITEM,DB
2021/1/31/–«∆⁄»’ 15:16:15,,Reconnect To RemoteServer:DB,DB
2021/1/31/–«∆⁄»’ 15:16:15,,Reconnect To RemoteServer:ITEM,DB
2021/1/31/–«∆⁄»’ 15:16:25,,Reconnect To RemoteServer:DB,DB
2021/1/31/–«∆⁄»’ 15:16:25,,Reconnect To RemoteServer:ITEM,DB
2021/1/31/–«∆⁄»’ 15:16:35,,Reconnect To RemoteServer:DB,DB
2021/1/31/–«∆⁄»’ 15:16:35,,Reconnect To RemoteServer:ITEM,DB
2021/1/31/–«∆⁄»’ 15:16:45,,Reconnect To RemoteServer:DB,DB
2021/1/31/–«∆⁄»’ 15:16:45,,Reconnect To RemoteServer:ITEM,DB
2021/1/31/–«∆⁄»’ 15:16:55,,Reconnect To RemoteServer:DB,DB
2021/1/31/–«∆⁄»’ 15:16:55,,Reconnect To RemoteServer:ITEM,DB
2021/1/31/–«∆⁄»’ 15:17:05,,Reconnect To RemoteServer:DB,DB
2021/1/31/–«∆⁄»’ 15:17:05,,Reconnect To RemoteServer:ITEM,DB
2021/1/31/–«∆⁄»’ 15:17:15,,Reconnect To RemoteServer:DB,DB
2021/1/31/–«∆⁄»’ 15:17:15,,Reconnect To RemoteServer:ITEM,DB
2021/1/31/–«∆⁄»’ 15:17:25,,Reconnect To RemoteServer:DB,DB
2021/1/31/–«∆⁄»’ 15:17:25,,Reconnect To RemoteServer:ITEM,DB
2021/1/31/–«∆⁄»’ 15:17:35,,Reconnect To RemoteServer:DB,DB
2021/1/31/–«∆⁄»’ 15:17:35,,Reconnect To RemoteServer:ITEM,DB
2021/1/31/–«∆⁄»’ 15:17:45,,Reconnect To RemoteServer:DB,DB
2021/1/31/–«∆⁄»’ 15:17:45,,Reconnect To RemoteServer:ITEM,DB
2021/1/31/–«∆⁄»’ 15:17:55,,Reconnect To RemoteServer:DB,DB
2021/1/31/–«∆⁄»’ 15:17:55,,Reconnect To RemoteServer:ITEM,DB
2021/1/31/–«∆⁄»’ 15:18:05,,Reconnect To RemoteServer:DB,DB
2021/1/31/–«∆⁄»’ 15:18:05,,Reconnect To RemoteServer:ITEM,DB
2021/1/31/–«∆⁄»’ 15:18:15,,Reconnect To RemoteServer:DB,DB
2021/1/31/–«∆⁄»’ 15:18:15,,Reconnect To RemoteServer:ITEM,DB
2021/1/31/–«∆⁄»’ 15:18:25,,Reconnect To RemoteServer:DB,DB
2021/1/31/–«∆⁄»’ 15:18:25,,Reconnect To RemoteServer:ITEM,DB
2021/1/31/–«∆⁄»’ 15:18:35,,Reconnect To RemoteServer:DB,DB
2021/1/31/–«∆⁄»’ 15:18:35,,Reconnect To RemoteServer:ITEM,DB
2021/1/31/–«∆⁄»’ 15:18:45,,Reconnect To RemoteServer:DB,DB
2021/1/31/–«∆⁄»’ 15:18:45,,Reconnect To RemoteServer:ITEM,DB
2021/1/31/–«∆⁄»’ 15:18:55,,Reconnect To RemoteServer:DB,DB
2021/1/31/–«∆⁄»’ 15:18:55,,Reconnect To RemoteServer:ITEM,DB
2021/1/31/–«∆⁄»’ 15:19:05,,Reconnect To RemoteServer:DB,DB
2021/1/31/–«∆⁄»’ 15:19:05,,Reconnect To RemoteServer:ITEM,DB
2021/1/31/–«∆⁄»’ 15:19:15,,Reconnect To RemoteServer:DB,DB
2021/1/31/–«∆⁄»’ 15:19:15,,Reconnect To RemoteServer:ITEM,DB
2021/1/31/–«∆⁄»’ 15:19:25,,Reconnect To RemoteServer:DB,DB
2021/1/31/–«∆⁄»’ 15:19:25,,Reconnect To RemoteServer:ITEM,DB
2021/1/31/–«∆⁄»’ 15:19:35,,Reconnect To RemoteServer:DB,DB
2021/1/31/–«∆⁄»’ 15:19:35,,Reconnect To RemoteServer:ITEM,DB
2021/1/31/–«∆⁄»’ 15:19:45,,Reconnect To RemoteServer:DB,DB
2021/1/31/–«∆⁄»’ 15:19:45,,Reconnect To RemoteServer:ITEM,DB
2021/1/31/–«∆⁄»’ 15:19:55,,Reconnect To RemoteServer:DB,DB
2021/1/31/–«∆⁄»’ 15:19:55,,Reconnect To RemoteServer:ITEM,DB
2021/1/31/–«∆⁄»’ 15:20:05,,Reconnect To RemoteServer:DB,DB
2021/1/31/–«∆⁄»’ 15:20:05,,Reconnect To RemoteServer:ITEM,DB
2021/1/31/–«∆⁄»’ 15:20:15,,Reconnect To RemoteServer:DB,DB
2021/1/31/–«∆⁄»’ 15:20:15,,Reconnect To RemoteServer:ITEM,DB
2021/1/31/–«∆⁄»’ 15:20:25,,Reconnect To RemoteServer:DB,DB
2021/1/31/–«∆⁄»’ 15:20:25,,Reconnect To RemoteServer:ITEM,DB
2021/1/31/–«∆⁄»’ 15:20:35,,Reconnect To RemoteServer:DB,DB
2021/1/31/–«∆⁄»’ 15:20:35,,Reconnect To RemoteServer:ITEM,DB
2021/1/31/–«∆⁄»’ 15:20:45,,Reconnect To RemoteServer:DB,DB
2021/1/31/–«∆⁄»’ 15:20:45,,Reconnect To RemoteServer:ITEM,DB
2021/1/31/–«∆⁄»’ 15:20:55,,Reconnect To RemoteServer:DB,DB
2021/1/31/–«∆⁄»’ 15:20:55,,Reconnect To RemoteServer:ITEM,DB
2021/1/31/–«∆⁄»’ 15:21:05,,Reconnect To RemoteServer:DB,DB
2021/1/31/–«∆⁄»’ 15:21:05,,Reconnect To RemoteServer:ITEM,DB
2021/1/31/–«∆⁄»’ 15:21:15,,Reconnect To RemoteServer:DB,DB
2021/1/31/–«∆⁄»’ 15:21:15,,Reconnect To RemoteServer:ITEM,DB
2021/1/31/–«∆⁄»’ 15:21:25,,Reconnect To RemoteServer:DB,DB
2021/1/31/–«∆⁄»’ 15:21:25,,Reconnect To RemoteServer:ITEM,DB
2021/1/31/–«∆⁄»’ 15:21:35,,Reconnect To RemoteServer:DB,DB
2021/1/31/–«∆⁄»’ 15:21:35,,Reconnect To RemoteServer:ITEM,DB
2021/1/31/–«∆⁄»’ 15:21:45,,Reconnect To RemoteServer:DB,DB
2021/1/31/–«∆⁄»’ 15:21:45,,Reconnect To RemoteServer:ITEM,DB
2021/1/31/–«∆⁄»’ 15:21:55,,Reconnect To RemoteServer:DB,DB
2021/1/31/–«∆⁄»’ 15:21:55,,Reconnect To RemoteServer:ITEM,DB
2021/1/31/–«∆⁄»’ 15:22:05,,Reconnect To RemoteServer:DB,DB
2021/1/31/–«∆⁄»’ 15:22:05,,Reconnect To RemoteServer:ITEM,DB
2021/1/31/–«∆⁄»’ 15:22:15,,Reconnect To RemoteServer:DB,DB
2021/1/31/–«∆⁄»’ 15:22:15,,Reconnect To RemoteServer:ITEM,DB
2021/1/31/–«∆⁄»’ 15:22:25,,Reconnect To RemoteServer:DB,DB
2021/1/31/–«∆⁄»’ 15:22:25,,Reconnect To RemoteServer:ITEM,DB
2021/1/31/–«∆⁄»’ 15:22:35,,Reconnect To RemoteServer:DB,DB
2021/1/31/–«∆⁄»’ 15:22:35,,Reconnect To RemoteServer:ITEM,DB
2021/1/31/–«∆⁄»’ 15:22:45,,Reconnect To RemoteServer:DB,DB
2021/1/31/–«∆⁄»’ 15:22:45,,Reconnect To RemoteServer:ITEM,DB
2021/1/31/–«∆⁄»’ 15:22:55,,Reconnect To RemoteServer:DB,DB
2021/1/31/–«∆⁄»’ 15:22:55,,Reconnect To RemoteServer:ITEM,DB
2021/1/31/–«∆⁄»’ 15:23:05,,Reconnect To RemoteServer:DB,DB
2021/1/31/–«∆⁄»’ 15:23:05,,Reconnect To RemoteServer:ITEM,DB
2021/1/31/–«∆⁄»’ 15:23:15,,Reconnect To RemoteServer:DB,DB
2021/1/31/–«∆⁄»’ 15:23:15,,Reconnect To RemoteServer:ITEM,DB
2021/1/31/–«∆⁄»’ 15:23:25,,Reconnect To RemoteServer:DB,DB
2021/1/31/–«∆⁄»’ 15:23:25,,Reconnect To RemoteServer:ITEM,DB
2021/1/31/–«∆⁄»’ 15:23:35,,Reconnect To RemoteServer:DB,DB
2021/1/31/–«∆⁄»’ 15:23:35,,Reconnect To RemoteServer:ITEM,DB
2021/1/31/–«∆⁄»’ 15:23:45,,Reconnect To RemoteServer:DB,DB
2021/1/31/–«∆⁄»’ 15:23:45,,Reconnect To RemoteServer:ITEM,DB
2021/1/31/–«∆⁄»’ 15:23:55,,Reconnect To RemoteServer:DB,DB
2021/1/31/–«∆⁄»’ 15:23:55,,Reconnect To RemoteServer:ITEM,DB
2021/1/31/–«∆⁄»’ 15:24:05,,Reconnect To RemoteServer:DB,DB
2021/1/31/–«∆⁄»’ 15:24:05,,Reconnect To RemoteServer:ITEM,DB
2021/1/31/–«∆⁄»’ 15:24:15,,Reconnect To RemoteServer:DB,DB
2021/1/31/–«∆⁄»’ 15:24:15,,Reconnect To RemoteServer:ITEM,DB
2021/1/31/–«∆⁄»’ 15:24:25,,Reconnect To RemoteServer:DB,DB
2021/1/31/–«∆⁄»’ 15:24:25,,Reconnect To RemoteServer:ITEM,DB
2021/1/31/–«∆⁄»’ 15:24:35,,Reconnect To RemoteServer:DB,DB
2021/1/31/–«∆⁄»’ 15:24:35,,Reconnect To RemoteServer:ITEM,DB
2021/1/31/–«∆⁄»’ 15:24:45,,Reconnect To RemoteServer:DB,DB
2021/1/31/–«∆⁄»’ 15:24:45,,Reconnect To RemoteServer:ITEM,DB
2021/1/31/–«∆⁄»’ 15:24:55,,Reconnect To RemoteServer:DB,DB
2021/1/31/–«∆⁄»’ 15:24:55,,Reconnect To RemoteServer:ITEM,DB
2021/1/31/–«∆⁄»’ 15:25:05,,Reconnect To RemoteServer:DB,DB
2021/1/31/–«∆⁄»’ 15:25:05,,Reconnect To RemoteServer:ITEM,DB
2021/1/31/–«∆⁄»’ 15:25:15,,Reconnect To RemoteServer:DB,DB
2021/1/31/–«∆⁄»’ 15:25:15,,Reconnect To RemoteServer:ITEM,DB
2021/1/31/–«∆⁄»’ 15:25:25,,Reconnect To RemoteServer:DB,DB
2021/1/31/–«∆⁄»’ 15:25:25,,Reconnect To RemoteServer:ITEM,DB
2021/1/31/–«∆⁄»’ 15:25:35,,Reconnect To RemoteServer:DB,DB
2021/1/31/–«∆⁄»’ 15:25:35,,Reconnect To RemoteServer:ITEM,DB
2021/1/31/–«∆⁄»’ 15:25:45,,Reconnect To RemoteServer:DB,DB
2021/1/31/–«∆⁄»’ 15:25:45,,Reconnect To RemoteServer:ITEM,DB
2021/1/31/–«∆⁄»’ 15:25:55,,Reconnect To RemoteServer:DB,DB
2021/1/31/–«∆⁄»’ 15:25:55,,Reconnect To RemoteServer:ITEM,DB
2021/1/31/–«∆⁄»’ 15:26:05,,Reconnect To RemoteServer:DB,DB
2021/1/31/–«∆⁄»’ 15:26:05,,Reconnect To RemoteServer:ITEM,DB
2021/1/31/–«∆⁄»’ 15:26:15,,Reconnect To RemoteServer:DB,DB
2021/1/31/–«∆⁄»’ 15:26:15,,Reconnect To RemoteServer:ITEM,DB
2021/1/31/–«∆⁄»’ 15:26:25,,Reconnect To RemoteServer:DB,DB
2021/1/31/–«∆⁄»’ 15:26:25,,Reconnect To RemoteServer:ITEM,DB
2021/1/31/–«∆⁄»’ 15:26:35,,Reconnect To RemoteServer:DB,DB
2021/1/31/–«∆⁄»’ 15:26:35,,Reconnect To RemoteServer:ITEM,DB
2021/1/31/–«∆⁄»’ 15:26:45,,Reconnect To RemoteServer:DB,DB
2021/1/31/–«∆⁄»’ 15:26:45,,Reconnect To RemoteServer:ITEM,DB
2021/1/31/–«∆⁄»’ 15:26:55,,Reconnect To RemoteServer:DB,DB
2021/1/31/–«∆⁄»’ 15:26:55,,Reconnect To RemoteServer:ITEM,DB
2021/1/31/–«∆⁄»’ 15:27:05,,Reconnect To RemoteServer:DB,DB
2021/1/31/–«∆⁄»’ 15:27:05,,Reconnect To RemoteServer:ITEM,DB
2021/1/31/–«∆⁄»’ 15:27:15,,Reconnect To RemoteServer:DB,DB
2021/1/31/–«∆⁄»’ 15:27:15,,Reconnect To RemoteServer:ITEM,DB
2021/1/31/–«∆⁄»’ 15:27:25,,Reconnect To RemoteServer:DB,DB
2021/1/31/–«∆⁄»’ 15:27:25,,Reconnect To RemoteServer:ITEM,DB
2021/1/31/–«∆⁄»’ 15:27:35,,Reconnect To RemoteServer:DB,DB
2021/1/31/–«∆⁄»’ 15:27:35,,Reconnect To RemoteServer:ITEM,DB
2021/1/31/–«∆⁄»’ 15:27:45,,Reconnect To RemoteServer:DB,DB
2021/1/31/–«∆⁄»’ 15:27:45,,Reconnect To RemoteServer:ITEM,DB
2021/1/31/–«∆⁄»’ 15:27:55,,Reconnect To RemoteServer:DB,DB
2021/1/31/–«∆⁄»’ 15:27:55,,Reconnect To RemoteServer:ITEM,DB
2021/1/31/–«∆⁄»’ 15:28:05,,Reconnect To RemoteServer:DB,DB
2021/1/31/–«∆⁄»’ 15:28:05,,Reconnect To RemoteServer:ITEM,DB
2021/1/31/–«∆⁄»’ 15:28:15,,Reconnect To RemoteServer:DB,DB
2021/1/31/–«∆⁄»’ 15:28:15,,Reconnect To RemoteServer:ITEM,DB
2021/1/31/–«∆⁄»’ 15:28:25,,Reconnect To RemoteServer:DB,DB
2021/1/31/–«∆⁄»’ 15:28:25,,Reconnect To RemoteServer:ITEM,DB
2021/1/31/–«∆⁄»’ 15:28:35,,Reconnect To RemoteServer:DB,DB
2021/1/31/–«∆⁄»’ 15:28:35,,Reconnect To RemoteServer:ITEM,DB
2021/1/31/–«∆⁄»’ 15:28:45,,Reconnect To RemoteServer:DB,DB
2021/1/31/–«∆⁄»’ 15:28:45,,Reconnect To RemoteServer:ITEM,DB
2021/1/31/–«∆⁄»’ 15:28:55,,Reconnect To RemoteServer:DB,DB
2021/1/31/–«∆⁄»’ 15:28:55,,Reconnect To RemoteServer:ITEM,DB
2021/1/31/–«∆⁄»’ 15:29:05,,Reconnect To RemoteServer:DB,DB
2021/1/31/–«∆⁄»’ 15:29:05,,Reconnect To RemoteServer:ITEM,DB
2021/1/31/–«∆⁄»’ 15:29:15,,Reconnect To RemoteServer:DB,DB
2021/1/31/–«∆⁄»’ 15:29:15,,Reconnect To RemoteServer:ITEM,DB
2021/1/31/–«∆⁄»’ 15:29:25,,Reconnect To RemoteServer:DB,DB
2021/1/31/–«∆⁄»’ 15:29:25,,Reconnect To RemoteServer:ITEM,DB
2021/1/31/–«∆⁄»’ 15:29:35,,Reconnect To RemoteServer:DB,DB
2021/1/31/–«∆⁄»’ 15:29:35,,Reconnect To RemoteServer:ITEM,DB
2021/1/31/–«∆⁄»’ 15:29:45,,Reconnect To RemoteServer:DB,DB
2021/1/31/–«∆⁄»’ 15:29:45,,Reconnect To RemoteServer:ITEM,DB
2021/1/31/–«∆⁄»’ 15:29:55,,Reconnect To RemoteServer:DB,DB
2021/1/31/–«∆⁄»’ 15:29:55,,Reconnect To RemoteServer:ITEM,DB
2021/1/31/–«∆⁄»’ 15:30:05,,Reconnect To RemoteServer:DB,DB
2021/1/31/–«∆⁄»’ 15:30:05,,Reconnect To RemoteServer:ITEM,DB
2021/1/31/–«∆⁄»’ 15:30:12,127.0.0.1:63905,TryInsert,
2021/1/31/–«∆⁄»’ 15:30:15,,Reconnect To RemoteServer:DB,DB
2021/1/31/–«∆⁄»’ 15:30:15,,Reconnect To RemoteServer:ITEM,DB
2021/1/31/–«∆⁄»’ 15:30:25,,Reconnect To RemoteServer:DB,DB
2021/1/31/–«∆⁄»’ 15:30:25,,Reconnect To RemoteServer:ITEM,DB
2021/1/31/–«∆⁄»’ 15:30:35,,Reconnect To RemoteServer:DB,DB
2021/1/31/–«∆⁄»’ 15:30:35,,Reconnect To RemoteServer:ITEM,DB
2021/1/31/–«∆⁄»’ 15:30:45,,Reconnect To RemoteServer:DB,DB
2021/1/31/–«∆⁄»’ 15:30:45,,Reconnect To RemoteServer:ITEM,DB
2021/1/31/–«∆⁄»’ 15:30:55,,Reconnect To RemoteServer:DB,DB
2021/1/31/–«∆⁄»’ 15:30:55,,Reconnect To RemoteServer:ITEM,DB
2021/1/31/–«∆⁄»’ 15:30:57,127.0.0.1:64015,TryInsert,
2021/1/31/–«∆⁄»’ 15:31:05,,Reconnect To RemoteServer:DB,DB
2021/1/31/–«∆⁄»’ 15:31:05,,Reconnect To RemoteServer:ITEM,DB
2021/1/31/–«∆⁄»’ 15:31:15,,Reconnect To RemoteServer:DB,DB
2021/1/31/–«∆⁄»’ 15:31:15,,Reconnect To RemoteServer:ITEM,DB
2021/1/31/–«∆⁄»’ 15:31:25,,Reconnect To RemoteServer:DB,DB
2021/1/31/–«∆⁄»’ 15:31:25,,Reconnect To RemoteServer:ITEM,DB
2021/1/31/–«∆⁄»’ 15:31:35,,Reconnect To RemoteServer:DB,DB
2021/1/31/–«∆⁄»’ 15:31:35,,Reconnect To RemoteServer:ITEM,DB
2021/1/31/–«∆⁄»’ 15:31:45,,Reconnect To RemoteServer:DB,DB
2021/1/31/–«∆⁄»’ 15:31:45,,Reconnect To RemoteServer:ITEM,DB
2021/1/31/–«∆⁄»’ 15:31:55,,Reconnect To RemoteServer:DB,DB
2021/1/31/–«∆⁄»’ 15:31:55,,Reconnect To RemoteServer:ITEM,DB
2021/1/31/–«∆⁄»’ 15:32:05,,Reconnect To RemoteServer:DB,DB
2021/1/31/–«∆⁄»’ 15:32:05,,Reconnect To RemoteServer:ITEM,DB
2021/1/31/–«∆⁄»’ 15:32:15,,Reconnect To RemoteServer:DB,DB
2021/1/31/–«∆⁄»’ 15:32:15,,Reconnect To RemoteServer:ITEM,DB
2021/1/31/–«∆⁄»’ 15:32:25,,Reconnect To RemoteServer:DB,DB
2021/1/31/–«∆⁄»’ 15:32:25,,Reconnect To RemoteServer:ITEM,DB
2021/1/31/–«∆⁄»’ 15:32:35,,Reconnect To RemoteServer:DB,DB
2021/1/31/–«∆⁄»’ 15:32:35,,Reconnect To RemoteServer:ITEM,DB
2021/1/31/–«∆⁄»’ 15:32:45,,Reconnect To RemoteServer:DB,DB
2021/1/31/–«∆⁄»’ 15:32:45,,Reconnect To RemoteServer:ITEM,DB
2021/1/31/–«∆⁄»’ 15:32:55,,Reconnect To RemoteServer:DB,DB
2021/1/31/–«∆⁄»’ 15:32:55,,Reconnect To RemoteServer:ITEM,DB
2021/1/31/–«∆⁄»’ 15:33:05,,Reconnect To RemoteServer:DB,DB
2021/1/31/–«∆⁄»’ 15:33:05,,Reconnect To RemoteServer:ITEM,DB
2021/1/31/–«∆⁄»’ 15:33:15,,Reconnect To RemoteServer:DB,DB
2021/1/31/–«∆⁄»’ 15:33:15,,Reconnect To RemoteServer:ITEM,DB
2021/1/31/–«∆⁄»’ 15:33:25,,Reconnect To RemoteServer:DB,DB
2021/1/31/–«∆⁄»’ 15:33:25,,Reconnect To RemoteServer:ITEM,DB
2021/1/31/–«∆⁄»’ 15:33:35,,Reconnect To RemoteServer:DB,DB
2021/1/31/–«∆⁄»’ 15:33:35,,Reconnect To RemoteServer:ITEM,DB
2021/1/31/–«∆⁄»’ 15:33:45,,Reconnect To RemoteServer:DB,DB
2021/1/31/–«∆⁄»’ 15:33:45,,Reconnect To RemoteServer:ITEM,DB
2021/1/31/–«∆⁄»’ 15:33:55,,Reconnect To RemoteServer:DB,DB
2021/1/31/–«∆⁄»’ 15:33:55,,Reconnect To RemoteServer:ITEM,DB
2021/1/31/–«∆⁄»’ 15:34:05,,Reconnect To RemoteServer:DB,DB
2021/1/31/–«∆⁄»’ 15:34:05,,Reconnect To RemoteServer:ITEM,DB
2021/1/31/–«∆⁄»’ 15:34:15,,Reconnect To RemoteServer:DB,DB
2021/1/31/–«∆⁄»’ 15:34:15,,Reconnect To RemoteServer:ITEM,DB
2021/1/31/–«∆⁄»’ 15:34:25,,Reconnect To RemoteServer:DB,DB
2021/1/31/–«∆⁄»’ 15:34:25,,Reconnect To RemoteServer:ITEM,DB
2021/1/31/–«∆⁄»’ 15:34:35,,Reconnect To RemoteServer:DB,DB
2021/1/31/–«∆⁄»’ 15:34:35,,Reconnect To RemoteServer:ITEM,DB
2021/1/31/–«∆⁄»’ 15:34:45,,Reconnect To RemoteServer:DB,DB
2021/1/31/–«∆⁄»’ 15:34:45,,Reconnect To RemoteServer:ITEM,DB
2021/1/31/–«∆⁄»’ 15:34:55,,Reconnect To RemoteServer:DB,DB
2021/1/31/–«∆⁄»’ 15:34:55,,Reconnect To RemoteServer:ITEM,DB
2021/1/31/–«∆⁄»’ 15:35:05,,Reconnect To RemoteServer:DB,DB
2021/1/31/–«∆⁄»’ 15:35:05,,Reconnect To RemoteServer:ITEM,DB
2021/1/31/–«∆⁄»’ 15:35:15,,Reconnect To RemoteServer:DB,DB
2021/1/31/–«∆⁄»’ 15:35:15,,Reconnect To RemoteServer:ITEM,DB
2021/1/31/–«∆⁄»’ 15:35:25,,Reconnect To RemoteServer:DB,DB
2021/1/31/–«∆⁄»’ 15:35:25,,Reconnect To RemoteServer:ITEM,DB
2021/1/31/–«∆⁄»’ 15:35:35,,Reconnect To RemoteServer:DB,DB
2021/1/31/–«∆⁄»’ 15:35:35,,Reconnect To RemoteServer:ITEM,DB
2021/1/31/–«∆⁄»’ 15:35:45,,Reconnect To RemoteServer:DB,DB
2021/1/31/–«∆⁄»’ 15:35:45,,Reconnect To RemoteServer:ITEM,DB
2021/1/31/–«∆⁄»’ 15:35:55,,Reconnect To RemoteServer:DB,DB
2021/1/31/–«∆⁄»’ 15:35:55,,Reconnect To RemoteServer:ITEM,DB
2021/1/31/–«∆⁄»’ 15:36:05,,Reconnect To RemoteServer:DB,DB
2021/1/31/–«∆⁄»’ 15:36:05,,Reconnect To RemoteServer:ITEM,DB
2021/1/31/–«∆⁄»’ 15:36:15,,Reconnect To RemoteServer:DB,DB
2021/1/31/–«∆⁄»’ 15:36:15,,Reconnect To RemoteServer:ITEM,DB
2021/1/31/–«∆⁄»’ 15:36:25,,Reconnect To RemoteServer:DB,DB
2021/1/31/–«∆⁄»’ 15:36:25,,Reconnect To RemoteServer:ITEM,DB
2021/1/31/–«∆⁄»’ 15:36:35,,Reconnect To RemoteServer:DB,DB
2021/1/31/–«∆⁄»’ 15:36:35,,Reconnect To RemoteServer:ITEM,DB
2021/1/31/–«∆⁄»’ 15:36:45,,Reconnect To RemoteServer:DB,DB
2021/1/31/–«∆⁄»’ 15:36:45,,Reconnect To RemoteServer:ITEM,DB
2021/1/31/–«∆⁄»’ 15:36:55,,Reconnect To RemoteServer:DB,DB
2021/1/31/–«∆⁄»’ 15:36:55,,Reconnect To RemoteServer:ITEM,DB
2021/1/31/–«∆⁄»’ 15:37:05,,Reconnect To RemoteServer:DB,DB
2021/1/31/–«∆⁄»’ 15:37:05,,Reconnect To RemoteServer:ITEM,DB
2021/1/31/–«∆⁄»’ 15:37:15,,Reconnect To RemoteServer:DB,DB
2021/1/31/–«∆⁄»’ 15:37:15,,Reconnect To RemoteServer:ITEM,DB
2021/1/31/–«∆⁄»’ 15:37:25,,Reconnect To RemoteServer:DB,DB
2021/1/31/–«∆⁄»’ 15:37:25,,Reconnect To RemoteServer:ITEM,DB
2021/1/31/–«∆⁄»’ 15:37:35,,Reconnect To RemoteServer:DB,DB
2021/1/31/–«∆⁄»’ 15:37:35,,Reconnect To RemoteServer:ITEM,DB
2021/1/31/–«∆⁄»’ 15:37:45,,Reconnect To RemoteServer:DB,DB
2021/1/31/–«∆⁄»’ 15:37:45,,Reconnect To RemoteServer:ITEM,DB
2021/1/31/–«∆⁄»’ 15:37:55,,Reconnect To RemoteServer:DB,DB
2021/1/31/–«∆⁄»’ 15:37:55,,Reconnect To RemoteServer:ITEM,DB
2021/1/31/–«∆⁄»’ 15:38:05,,Reconnect To RemoteServer:DB,DB
2021/1/31/–«∆⁄»’ 15:38:05,,Reconnect To RemoteServer:ITEM,DB
2021/1/31/–«∆⁄»’ 15:38:15,,Reconnect To RemoteServer:DB,DB
2021/1/31/–«∆⁄»’ 15:38:15,,Reconnect To RemoteServer:ITEM,DB
2021/1/31/–«∆⁄»’ 15:38:25,,Reconnect To RemoteServer:DB,DB
2021/1/31/–«∆⁄»’ 15:38:25,,Reconnect To RemoteServer:ITEM,DB
2021/1/31/–«∆⁄»’ 15:38:35,,Reconnect To RemoteServer:DB,DB
2021/1/31/–«∆⁄»’ 15:38:35,,Reconnect To RemoteServer:ITEM,DB
2021/1/31/–«∆⁄»’ 15:38:38,,Stop,DB
